Reading data from files...
All data loaded. Constructing model...
Decision variables constructed.
Objective function added to model.
Constraints added to model.
Model written in file tree_model.lp.
Found incumbent of value 1.4951345e+07 after 0.20 sec. (87.03 ticks)
Presolve has eliminated 18 rows and 22 columns...
Presolve has improved bounds 803688 times...
Tried aggregator 1 time.
Presolve has eliminated 18 rows and 22 columns...
Presolve has improved bounds 810249 times...
MIP Presolve eliminated 18 rows and 22 columns.
MIP Presolve modified 494 coefficients.
Reduced MIP has 738081 rows, 797127 columns, and 7381053 nonzeros.
Reduced MIP has 29524 binaries, 147620 generals, 0 SOSs, and 0 indicators.
Presolve time = 112.12 sec. (59361.49 ticks)
Elapsed time = 77.53 sec. (10002.91 ticks) for 19% of probing
Elapsed time = 148.78 sec. (20004.86 ticks) for 38% of probing
Elapsed time = 220.74 sec. (30006.77 ticks) for 58% of probing
Elapsed time = 285.21 sec. (40007.78 ticks) for 78% of probing
Elapsed time = 350.54 sec. (50009.33 ticks) for 98% of probing
Probing fixed 0 vars, tightened 13288 bounds.
Probing time = 1180.51 sec. (50912.24 ticks)
Presolve has eliminated 0 rows and 0 columns...
Tried aggregator 1 time.
Presolve has eliminated 0 rows and 0 columns...
Reduced MIP has 738081 rows, 797127 columns, and 7381053 nonzeros.
Reduced MIP has 29524 binaries, 147620 generals, 0 SOSs, and 0 indicators.
Presolve time = 119.12 sec. (59813.89 ticks)
Probing time = 19.89 sec. (387.95 ticks)
Clique table members: 19683.
MIP emphasis: balance optimality and feasibility.
MIP search method: dynamic search.
Parallel mode: deterministic, using up to 4 threads.
Root relaxation solution time = 532.97 sec. (33144.75 ticks)

        Nodes                                         Cuts/
   Node  Left     Objective  IInf  Best Integer    Best Bound    ItCnt     Gap

*     0+    0                       1.49513e+07        0.0000   448645  100.00%
      0     0     6492.0904 34804   1.49513e+07     6492.0904   448645   99.96%
*     0+    0                        12682.0852     6492.0904   448645   48.81%
      0     0     6515.4932 34217    12682.0852   Cuts: 10000   463956   48.62%
*     0+    0                        11925.3119     6515.4932   488849   45.36%
      0     0     6533.7003 46202    11925.3119    Cuts: 8871   488849   45.21%
      0     0     6538.7062 45002    11925.3119    Cuts: 6781   494878   45.17%
*     0+    0                         9387.5667     6538.7062   503197   30.35%
      0     0     6541.6975 48507     9387.5667 MIRcuts: 8570   503197   30.32%
*     0+    0                         9301.4743     6541.6975   511468   29.67%
      0     0     6546.2844 47656     9301.4743 MIRcuts: 7881   511468   29.62%
      0     0     6549.0516 46055     9301.4743    Cuts: 4696   518441   29.59%
      0     0     6550.2053 45317     9301.4743 MIRcuts: 3127   522347   29.58%
      0     0     6550.6931 45210     9301.4743 MIRcuts: 1835   524963   29.57%
      0     0     6551.1066 44079     9301.4743  MIRcuts: 897   526351   29.57%
      0     0     6551.2247 42004     9301.4743  MIRcuts: 260   527203   29.57%
      0     0     6551.2564 41537     9301.4743  MIRcuts: 143   527459   29.57%
      0     0     6551.2744 41856     9301.4743   MIRcuts: 58   527658   29.57%
      0     0     6551.2783 41842     9301.4743   MIRcuts: 54   527737   29.57%
      0     0     6551.2806 41914     9301.4743   MIRcuts: 19   527793   29.57%
Heuristic still looking.
Heuristic still looking.
Heuristic still looking.
      0     2     6551.2806 41914     9301.4743     6551.2806   527793   29.57%
Elapsed time = 3550.16 sec. (900200.67 ticks, tree = 0.01 MB, solutions = 5)
      2     4     6552.2698 41817     9301.4743     6551.2807   527833   29.57%
      3     5     6551.3389 41862     9301.4743     6551.2807   527978   29.57%
      6     8     6551.5125 41831     9301.4743     6551.2807   528207   29.57%
      7     9     6551.6795 41792     9301.4743     6551.5957   528238   29.56%
      9    11     6553.7755 41827     9301.4743     6551.5957   529362   29.56%
     11    13     6552.4975 42886     9301.4743     6551.6432   533605   29.56%
     18    20     6551.8340 41758     9301.4743     6551.6432   542673   29.56%
     20    22     6556.3159 41395     9301.4743     6551.6432   543114   29.56%
     21    23     6553.1298 41756     9301.4743     6551.6432   544071   29.56%
     25    27     6552.2349 41763     9301.4743     6551.6432   545155   29.56%
Elapsed time = 3607.82 sec. (929983.92 ticks, tree = 1.14 MB, solutions = 5)
     26    28     6552.1008 41751     9301.4743     6551.6432   545610   29.56%
     34    36     6552.1361 41685     9301.4743     6551.6432   546820   29.56%
     43    45     6554.2132 42484     9301.4743     6551.6432   550128   29.56%
     46    48     6554.4110 42214     9301.4743     6551.6432   554874   29.56%
     62    64     6554.5864 42633     9301.4743     6551.6432   557923   29.56%
     66    68     6552.3409 41617     9301.4743     6551.6432   561305   29.56%
     70    72     6552.8305 41578     9301.4743     6551.6432   562151   29.56%
     78    80     6553.8421 42706     9301.4743     6551.6432   563771   29.56%
     96    98     6552.8332 41522     9301.4743     6551.6432   566318   29.56%
    100   102     6552.9715 42611     9301.4743     6551.6432   567668   29.56%
Elapsed time = 3669.55 sec. (958086.47 ticks, tree = 8.19 MB, solutions = 5)
    104   106     6555.3127 41309     9301.4743     6551.6432   568345   29.56%
    116   118     6555.8061 40827     9301.4743     6551.6432   569187   29.56%
    124   126     6555.8065 40813     9301.4743     6551.6432   569410   29.56%
    132   134     6555.8074 40799     9301.4743     6551.6432   569556   29.56%
    140   142     6555.8284 40676     9301.4743     6551.6432   569846   29.56%
    148   150     6555.9020 40501     9301.4743     6551.6432   570085   29.56%
    217   219     6557.1013 40768     9301.4743     6551.6432   573422   29.56%
    232   234     6557.4139 40585     9301.4743     6551.6432   573518   29.56%
    235   237     6557.7292 39912     9301.4743     6551.6432   573532   29.56%
    249   251     6556.1167 40489     9301.4743     6551.6432   573899   29.56%
Elapsed time = 3731.85 sec. (995963.10 ticks, tree = 49.68 MB, solutions = 5)
    290   292     6557.8700 40455     9301.4743     6551.6432   576076   29.56%
    298   300     6557.8754 40440     9301.4743     6551.6432   576309   29.56%
    306   308     6557.8808 40425     9301.4743     6551.6432   576406   29.56%
    314   316     6557.8814 40395     9301.4743     6551.6432   576504   29.56%
    322   324     6557.8860 40377     9301.4743     6551.6432   576645   29.56%
    330   332     6557.8906 40359     9301.4743     6551.6432   576815   29.56%
    338   340     6557.8957 40374     9301.4743     6551.6432   576907   29.56%
    350   352     6557.9069 40377     9301.4743     6551.6432   577172   29.56%
    362   364     6557.9179 40380     9301.4743     6551.6432   577680   29.56%
    390   392     6557.3680 40142     9301.4743     6551.6432   578331   29.56%
Elapsed time = 3762.42 sec. (1008037.65 ticks, tree = 86.39 MB, solutions = 5)
    402   404     6557.3687 40063     9301.4743     6551.6432   578604   29.56%
    412   414     6557.8243 39957     9301.4743     6551.6432   578857   29.56%
    424   426     6557.8366 39957     9301.4743     6551.6432   579385   29.56%
    432   434     6557.8391 39987     9301.4743     6551.6432   579772   29.56%
    444   446     6557.8484 39987     9301.4743     6551.6432   579963   29.56%
    456   458     6557.8593 39972     9301.4743     6551.6432   580366   29.56%
    468   470     6557.8721 39957     9301.4743     6551.6432   580605   29.56%
    472   474     6557.9397 39970     9301.4743     6551.6432   580836   29.56%
    486   488     6557.5849 39841     9301.4743     6551.6432   582395   29.56%
    487   489     6557.8543 40152     9301.4743     6551.6432   582578   29.56%
Elapsed time = 3793.42 sec. (1022161.74 ticks, tree = 110.96 MB, solutions = 5)
    491   493     6557.7937 40136     9301.4743     6551.6432   582727   29.56%
    502   504     6557.6837 39852     9301.4743     6551.6432   583390   29.56%
    511   513     6557.8079 40114     9301.4743     6551.6432   583541   29.56%
    523   525     6557.8746 40184     9301.4743     6551.6432   583716   29.56%
    534   536     6557.6206 39828     9301.4743     6551.6432   583936   29.56%
    543   545     6557.8324 40123     9301.4743     6551.6432   584037   29.56%
    561   563     6557.6275 39882     9301.4743     6551.6432   584246   29.56%
    567   569     6558.2895 40139     9301.4743     6551.6432   584324   29.56%
*   573+  573                         7056.7423     6551.6432   584490    7.16%
    574   576     6557.6335 39852     7056.7423     6551.6432   584515    7.16%
    583   585     6557.8642 40108     7056.7423     6551.6432   584688    7.16%
Elapsed time = 3897.92 sec. (1070243.21 ticks, tree = 134.97 MB, solutions = 5)
    595   597     6557.8765 40108     7056.7423     6551.6432   584795    7.16%
    599   601     6557.9738 40138     7056.7423     6551.6432   584907    7.16%
    611   613     6557.8870 40114     7056.7423     6551.6432   585287    7.16%
    623   625     6557.8936 40123     7056.7423     6551.6432   585713    7.16%
    631   633     6557.9592 40184     7056.7423     6551.6432   586066    7.16%
    643   645     6557.9116 40123     7056.7423     6551.6432   586379    7.16%
    655   657     6558.0130 40134     7056.7423     6551.6432   587669    7.16%
    663   665     6558.4683 40090     7056.7423     6551.6432   587955    7.16%
    664   666     6557.9015 39776     7056.7423     6551.6432   588372    7.16%
    676   678     6557.9142 39776     7056.7423     6551.6432   589329    7.16%
Elapsed time = 3935.84 sec. (1086228.67 ticks, tree = 159.58 MB, solutions = 6)
    684   686     6557.9212 39776     7056.7423     6551.6432   589995    7.16%
    692   694     6557.9248 39782     7056.7423     6551.6432   590634    7.16%
    704   706     6557.9333 39791     7056.7423     6551.6432   591257    7.16%
    716   718     6557.9470 39776     7056.7423     6551.6432   591446    7.16%
    728   730     6557.9480 39881     7056.7423     6551.6432   591604    7.16%
    741   743     6558.5320 40150     7056.7423     6551.6432   591800    7.16%
    754   756     6558.0945 40269     7056.7423     6551.6432   592074    7.16%
    762   764     6558.1064 40209     7056.7423     6551.6432   592163    7.16%
    766   768     6558.1761 40266     7056.7423     6551.6432   592700    7.16%
    774   776     6558.1137 40269     7056.7423     6551.6432   593128    7.16%
Elapsed time = 3966.49 sec. (1098980.53 ticks, tree = 183.34 MB, solutions = 6)
    782   784     6558.1256 40209     7056.7423     6551.6432   594189    7.16%
    790   792     6558.2412 40247     7056.7423     6551.6432   594488    7.16%
    798   800     6558.1792 40235     7056.7423     6551.6432   594684    7.16%
    806   808     6558.1949 40193     7056.7423     6551.6432   594996    7.16%
    815   817     6558.4449 39978     7056.7423     6551.6432   595815    7.16%
    823   825     6558.4519 39975     7056.7423     6551.6432   596636    7.16%
    834   836     6558.2198 40190     7056.7423     6551.6432   597456    7.16%
    843   845     6558.4699 39975     7056.7423     6551.6432   597778    7.16%
    857   859     6558.0738 40696     7056.7423     6551.6432   598218    7.16%
    861   863     6558.1674 39814     7056.7423     6551.6432   598264    7.16%
Elapsed time = 3996.41 sec. (1110563.72 ticks, tree = 210.21 MB, solutions = 6)
    865   867     6558.2090 40185     7056.7423     6551.6432   599107    7.16%
    869   871     6558.1876 39863     7056.7423     6551.6432   599181    7.16%
    881   883     6558.1979 39807     7056.7423     6551.6432   599848    7.16%
    893   895     6558.2138 39792     7056.7423     6551.6432   600082    7.16%
    901   903     6558.2200 39822     7056.7423     6551.6432   600644    7.16%
    917   919     6558.2790 39773     7056.7423     6551.6432   601220    7.16%
    929   931     6558.2831 39755     7056.7423     6551.6432   601346    7.16%
    941   943     6558.2992 39756     7056.7423     6551.6432   601492    7.16%
    945   947     6558.3724 39807     7056.7423     6551.6432   601646    7.16%
    970   972     6558.7951 39855     7056.7423     6551.6432   604057    7.16%
Elapsed time = 4034.13 sec. (1126701.27 ticks, tree = 238.78 MB, solutions = 6)
   1016  1018     6558.6206 39592     7056.7423     6551.6432   607303    7.16%
   1040  1042     6558.8086 39510     7056.7423     6551.6432   608338    7.16%
   1076  1078     6558.9188 39499     7056.7423     6551.6432   609163    7.16%
   1120  1122     6559.7168 39479     7056.7423     6551.6432   611306    7.16%

Flow cuts applied:  3836
Mixed integer rounding cuts applied:  41809
Lift and project cuts applied:  5
Gomory fractional cuts applied:  82

Root node processing (before b&c):
  Real time             = 3506.18 sec. (885460.76 ticks)
Parallel b&c, 4 threads:
  Real time             = 3700.60 sec. (1465587.07 ticks)
  Sync time (average)   =   83.53 sec.
  Wait time (average)   =    0.00 sec.
                          ------------
Total (root+branch&cut) = 7206.78 sec. (2351047.83 ticks)
=============================================
solution status: Feasible
