Reading data from files...
All data loaded. Constructing model...
Decision variables constructed.
Objective function added to model.
Constraints added to model.
Model written in file tree_model.lp.
Found incumbent of value 9996030.023561 after 0.01 sec. (2.68 ticks)
Tried aggregator 1 time.
MIP Presolve eliminated 18 rows and 22 columns.
MIP Presolve modified 78 coefficients.
Reduced MIP has 27306 rows, 29490 columns, and 201132 nonzeros.
Reduced MIP has 1093 binaries, 5465 generals, 0 SOSs, and 0 indicators.
Presolve time = 0.36 sec. (260.85 ticks)
Probing fixed 0 vars, tightened 141 bounds.
Probing time = 0.38 sec. (67.53 ticks)
Tried aggregator 1 time.
Reduced MIP has 27306 rows, 29490 columns, and 201132 nonzeros.
Reduced MIP has 1093 binaries, 5465 generals, 0 SOSs, and 0 indicators.
Presolve time = 0.36 sec. (247.00 ticks)
Probing time = 0.08 sec. (16.24 ticks)
Clique table members: 729.
MIP emphasis: balance optimality and feasibility.
MIP search method: dynamic search.
Parallel mode: deterministic, using up to 4 threads.
Root relaxation solution time = 0.35 sec. (360.60 ticks)

        Nodes                                         Cuts/
   Node  Left     Objective  IInf  Best Integer    Best Bound    ItCnt     Gap

*     0+    0                      9996030.0236        0.0000    16537  100.00%
*     0+    0                      5909696.6619        0.0000    16537  100.00%
*     0+    0                      5904497.7625        0.0000    16537  100.00%
      0     0     3454.1389   558  5904497.7625     3454.1389    16537   99.94%
*     0+    0                        23321.5083     3454.1389    16537   85.19%
      0     0     3522.2194   851    23321.5083    Cuts: 1238    17977   84.90%
*     0+    0                        16445.2531     3522.2194    17977   78.58%
*     0+    0                        15711.1061     3522.2194    18759   77.58%
      0     0     3540.5187   843    15711.1061     Cuts: 822    18759   77.46%
*     0+    0                         4609.9575     3540.5187    18759   23.20%
      0     0     3546.6526  1026     4609.9575  MIRcuts: 830    19545   23.07%
      0     0     3552.8295  1076     4609.9575  MIRcuts: 698    20494   22.93%
      0     0     3562.0103  1077     4609.9575  MIRcuts: 627    21209   22.73%
      0     0     3570.3643   822     4609.9575  MIRcuts: 531    21669   22.55%
      0     0     3574.1955   664     4609.9575  MIRcuts: 322    21972   22.47%
      0     0     3577.1395   479     4609.9575  MIRcuts: 230    22176   22.40%
      0     0     3578.3376   422     4609.9575  MIRcuts: 156    22298   22.38%
      0     0     3579.3521   515     4609.9575  MIRcuts: 116    22447   22.36%
      0     0     3580.5926   385     4609.9575   MIRcuts: 87    22508   22.33%
      0     0     3581.7743   264     4609.9575   MIRcuts: 32    22551   22.30%
*     0+    0                         3747.8939     3581.7743    22551    4.43%
*     0+    0                         3715.0465     3581.7743    22551    3.59%
*     0+    0                         3709.1457     3581.7743    22551    3.43%
      0     2     3581.7743   264     3709.1457     3581.7743    22551    3.43%
Elapsed time = 9.59 sec. (6940.42 ticks, tree = 0.01 MB, solutions = 10)
     11    13     3581.8210   216     3709.1457     3581.7799    22588    3.43%
     79    81     3583.7480   212     3709.1457     3581.7799    22993    3.43%
    129   131     3587.1458   185     3709.1457     3581.7799    23636    3.43%
    224   226     3589.8138   177     3709.1457     3581.7799    24514    3.43%
    300   302     3592.6924   156     3709.1457     3581.7799    25301    3.43%
*   335+  335                         3700.8571     3581.7799    25565    3.22%
    335   337     3596.1473   137     3700.8571     3581.7799    25565    3.22%
    430   432     3598.4048   122     3700.8571     3581.7799    26968    3.22%
*   487+  487                         3689.5717     3581.7799    27769    2.92%
    487   489     3600.4759    96     3689.5717     3581.7799    27769    2.92%
*   495+  495                         3664.5892     3581.7799    27839    2.26%
    556   558     3602.9917    92     3664.5892     3581.7799    28569    2.26%
*   720+  720                         3650.2056     3581.7799    29782    1.87%
    771   773     3604.0223    87     3650.2056     3581.7799    30025    1.87%
Elapsed time = 18.46 sec. (11301.80 ticks, tree = 7.30 MB, solutions = 15)
*   800+  800                         3623.7910     3581.7799    30287    1.16%
   1028  1030     3610.3831    46     3623.7910     3581.7799    32685    1.16%
*  1190+ 1180                         3618.5509     3581.7799    35441    1.02%
*  1190+ 1180                         3617.7427     3581.7799    35441    0.99%
   1190  1182     3614.6512    51     3617.7427     3581.7799    35441    0.99%
*  1191+ 1181                         3615.1297     3581.7799    35443    0.92%
*  1191+ 1181                         3614.6475     3581.7799    35443    0.91%
*  1191+ 1181                         3614.0375     3581.7799    35443    0.89%
*  1191+ 1181                         3613.8393     3581.7799    35443    0.89%
*  1191+ 1181                         3613.6265     3581.7799    35443    0.88%
*  1192+ 1179                         3613.0354     3581.7799    35444    0.87%
*  1192+ 1179                         3612.9853     3581.7799    35444    0.86%
*  1192+ 1179                         3612.5038     3581.7799    35444    0.85%
*  1192+ 1179                         3612.4524     3581.7799    35444    0.85%
*  1192+ 1179                         3612.3642     3581.7799    35444    0.85%
*  1192+ 1179                         3612.1513     3581.7799    35444    0.84%
*  1192+ 1179                         3612.1197     3581.7799    35444    0.84%
*  1192+ 1179                         3612.1190     3581.7799    35444    0.84%
*  1192+ 1179                         3611.7870     3581.7799    35444    0.83%
   1192  1181     3581.8250   209     3611.7870     3581.7799    35444    0.83%
   1194   953     3600.0300   531     3611.7870     3600.0300    50426    0.33%
*  1195+  634                         3611.7868     3600.0300    50430    0.33%
   1196   637     3600.1085   520     3611.7868     3600.0300    50438    0.33%
   1200   639     3600.1462   523     3611.7868     3600.0682    50470    0.32%
   1204   641     3600.1325   525     3611.7868     3600.1041    50511    0.32%
   1212   647     3600.1349   525     3611.7868     3600.1329    50593    0.32%
   1224   653     3600.2170   517     3611.7868     3600.1519    50702    0.32%
   1247   670     3600.4055   519     3611.7868     3600.1519    50838    0.32%
Elapsed time = 57.64 sec. (37030.73 ticks, tree = 7.16 MB, solutions = 39)
   1307   703     3600.8906   527     3611.7868     3600.1519    51044    0.32%
   1422   765     3601.6607   507     3611.7868     3600.1519    51998    0.32%
   1461   789     3602.2148   471     3611.7868     3600.1519    52423    0.32%
   1564   846     3602.4930   440     3611.7868     3600.1519    53314    0.32%
   1702   925     3604.3269   389     3611.7868     3600.1519    54396    0.32%
   1824   992     3605.6226   352     3611.7868     3600.1519    55138    0.32%
   1952  1055     3608.4657   345     3611.7868     3600.1519    56220    0.32%
   2166  1182     3610.7521   288     3611.7868     3600.1519    58184    0.32%
   2425  1288     3600.3450   527     3611.7868     3600.1519    59772    0.32%
   2674  1437     3601.9493   495     3611.7868     3600.1854    61733    0.32%
Elapsed time = 78.23 sec. (47065.20 ticks, tree = 18.36 MB, solutions = 39)
   2955  1716     3604.4751   392     3611.7868     3600.1854    64380    0.32%
   3260  2019     3606.9875   370     3611.7868     3600.1854    67162    0.32%
   3514  2247     3600.6782   521     3611.7868     3600.1854    69011    0.32%
   3881  2580     3607.5896   452     3611.7868     3600.2289    71594    0.32%
   4211  2892     3608.5602   467     3611.7868     3600.2300    73817    0.32%
   4555  3228     3603.6484   377     3611.7868     3600.2300    76826    0.32%
   4908  3572     3607.3087   353     3611.7868     3600.2300    79239    0.32%
   5267  3912     3600.6791   513     3611.7868     3600.2555    81507    0.32%
   5758  4368     3601.4684   506     3611.7868     3600.2632    85052    0.32%
   6068  4653     3601.4990   502     3611.7868     3600.2722    87106    0.32%
Elapsed time = 100.55 sec. (56712.92 ticks, tree = 61.50 MB, solutions = 39)
   6666  5223     3602.3288   419     3611.7868     3600.2904    91586    0.32%
   7008  5548     3602.6561   418     3611.7868     3600.2904    94348    0.32%
   7319  5855     3609.7661   305     3611.7868     3600.2904    96604    0.32%
   7651  6167     3611.2340   271     3611.7868     3600.2919    98661    0.32%
   7987  6463     3607.6025   278     3611.7868     3600.2945   100906    0.32%
   8423  6872     3609.4763   247     3611.7868     3600.2969   103942    0.32%
   8651  7077     3610.5481   236     3611.7868     3600.2969   105484    0.32%
   9179  7575     3602.4824   396     3611.7868     3600.2983   109142    0.32%
   9496  7879     3601.2743   470     3611.7868     3600.3031   111228    0.32%
   9924  8294     3603.5515   351     3611.7868     3600.3031   114129    0.32%
Elapsed time = 122.93 sec. (66329.77 ticks, tree = 112.10 MB, solutions = 39)
  10441  8777     3606.1513   289     3611.7868     3600.3059   117399    0.32%
  10769  9086     3610.8189   223     3611.7868     3600.3059   119380    0.32%
  11159  9458        cutoff           3611.7868     3600.3229   121928    0.32%
  11494  9789     3608.1572   238     3611.7868     3600.3229   123899    0.32%
  11782 10043     3611.7421   198     3611.7868     3600.3229   125603    0.32%
  12262 10493     3601.5599   462     3611.7868     3600.3334   128639    0.32%
  12724 10944     3604.9218   324     3611.7868     3600.3391   131810    0.32%
  13140 11352     3607.7149   273     3611.7868     3600.3391   134793    0.32%
  13348 11557     3608.6270   256     3611.7868     3600.3391   136320    0.32%
  13746 11925     3609.9592   198     3611.7868     3600.3391   138911    0.32%
Elapsed time = 145.32 sec. (75994.10 ticks, tree = 164.43 MB, solutions = 39)
  14134 12286     3609.4002   266     3611.7868     3600.3440   141346    0.32%
  14439 12577     3605.3959   309     3611.7868     3600.3440   143442    0.32%
  14746 12847     3601.2959   498     3611.7868     3600.3477   145193    0.32%
  15067 13147     3611.3740   284     3611.7868     3600.3517   147776    0.32%
  15453 13509     3607.9764   378     3611.7868     3600.3517   150358    0.32%
  15928 13954     3610.9748   330     3611.7868     3600.3581   153925    0.32%
  16282 14295     3606.0329   314     3611.7868     3600.3612   156425    0.32%
  16602 14593     3610.5747   261     3611.7868     3600.3632   158836    0.32%
  16956 14916     3609.8565   216     3611.7868     3600.3632   161424    0.32%
  17322 15263     3604.2984   360     3611.7868     3600.3651   164079    0.32%
Elapsed time = 167.34 sec. (85618.00 ticks, tree = 213.59 MB, solutions = 39)
  17722 15635     3601.8097   460     3611.7868     3600.3668   166968    0.32%
  18042 15930     3606.2942   346     3611.7868     3600.3668   169083    0.32%
  18555 16397        cutoff           3611.7868     3600.3668   172426    0.32%
  18932 16751     3611.7582   236     3611.7868     3600.3668   175080    0.32%
  19346 17151     3611.3613   299     3611.7868     3600.3759   178105    0.32%
  19713 17490     3604.9017   302     3611.7868     3600.3759   180696    0.32%
  20096 17841     3606.4005   267     3611.7868     3600.3805   183537    0.32%
  20570 18277     3611.5375   233     3611.7868     3600.3828   186714    0.32%
  20955 18648     3605.0806   448     3611.7868     3600.3869   189671    0.32%
  21301 18989     3608.5942   332     3611.7868     3600.3869   192479    0.32%
Elapsed time = 189.95 sec. (95204.24 ticks, tree = 267.07 MB, solutions = 39)
  21627 19299     3610.6358   257     3611.7868     3600.3869   195165    0.32%
  21964 19596     3603.7402   433     3611.7868     3600.3889   197539    0.32%
  22276 19894     3606.1223   311     3611.7868     3600.3889   199655    0.32%
  22653 20261     3607.9172   277     3611.7868     3600.3891   202117    0.32%
  23056 20644     3609.8984    83     3611.7868     3600.3891   204834    0.32%
* 23244 20802      integral     0     3611.6286     3600.3891   205969    0.31%
  23680 20670     3610.7706   448     3611.6286     3600.3902   208681    0.31%
* 23779+20765                         3611.4948     3600.3902   209485    0.31%
  24159 20655     3601.9337   492     3611.4948     3600.3938   212218    0.31%
* 24291+20782                         3609.8058     3600.3938   213221    0.26%
* 24291+20782                         3609.2553     3600.3938   213221    0.25%
* 24291+20782                         3608.7597     3600.3938   213221    0.23%
* 24291+20782                         3608.6954     3600.3938   213221    0.23%
* 24291+20782                         3608.2830     3600.3938   213221    0.22%
* 24291+20782                         3607.7198     3600.3938   213221    0.20%
* 24291+20782                         3607.1693     3600.3938   213221    0.19%
  24291 20784     3602.9603   415     3607.1693     3600.3938   213221    0.19%
* 24292+20783                         3607.0852     3600.3938   213229    0.19%
  24294 20785     3611.3625   445     3607.0852     3600.3938   213250    0.19%
Elapsed time = 264.57 sec. (136634.82 ticks, tree = 304.09 MB, solutions = 52)
  24295 13446     3601.2178   538     3607.0852     3601.2178   227914    0.16%
  24297 13448     3601.2291   549     3607.0852     3601.2178   227924    0.16%
  24301 13451     3601.3396   527     3607.0852     3601.2387   227947    0.16%
  24306 13455     3601.3738   525     3607.0852     3601.3001   227975    0.16%
  24318 13462     3601.5306   529     3607.0852     3601.3049   228063    0.16%
  24337 13473     3601.6185   517     3607.0852     3601.3049   228145    0.16%
  24350 13481     3601.7192   531     3607.0852     3601.3049   228206    0.16%
  24366 13491     3601.8027   531     3607.0852     3601.3049   228238    0.16%
  24382 13499     3601.9614   537     3607.0852     3601.3049   228264    0.16%
  24444 13535     3602.2816   545     3607.0852     3601.3049   228456    0.16%
Elapsed time = 310.62 sec. (166356.19 ticks, tree = 186.52 MB, solutions = 82)
  24506 13573     3602.6060   534     3607.0852     3601.3049   228743    0.16%
  24581 13618     3602.8353   516     3607.0852     3601.3049   229224    0.16%
  24709 13668     3604.9209   477     3607.0852     3601.3049   229950    0.16%
  24969 13556     3601.3896   535     3607.0852     3601.3049   231293    0.16%
  25406 13655     3603.4288   472     3607.0852     3601.3411   233534    0.16%
  26231 13866     3601.8124   529     3607.0852     3601.4213   236998    0.16%
  27195 14159     3602.3992   550     3607.0852     3601.4363   241522    0.16%
  28439 14514     3604.0079   507     3607.0852     3601.4702   246876    0.16%
  29729 14914     3601.6016   523     3607.0852     3601.4883   252601    0.16%
  30925 15445     3606.7248   419     3607.0852     3601.5020   258039    0.15%
Elapsed time = 388.06 sec. (204686.02 ticks, tree = 212.61 MB, solutions = 82)
  32152 15975     3605.8213   279     3607.0852     3601.5150   263056    0.15%
  33303 16477     3601.6642   527     3607.0852     3601.5215   268421    0.15%
  34731 17094     3602.7409   490     3607.0852     3601.5360   274408    0.15%
  36102 17706     3603.9540   477     3607.0852     3601.5482   280448    0.15%
  37507 18336     3603.6970   465     3607.0852     3601.5537   287112    0.15%
  38624 18858     3601.6533   523     3607.0852     3601.5608   292401    0.15%
  39627 19306     3601.9009   491     3607.0852     3601.5648   296698    0.15%
  40855 19808     3606.9168   507     3607.0852     3601.5686   302290    0.15%
  42311 20434     3605.9956   487     3607.0852     3601.5756   308722    0.15%
  43779 21040     3601.7392   510     3607.0852     3601.5807   314963    0.15%
Elapsed time = 471.37 sec. (243130.64 ticks, tree = 297.05 MB, solutions = 82)
  45102 21597     3606.1161   484     3607.0852     3601.5829   321150    0.15%
  46452 22237     3604.5158   446     3607.0852     3601.5884   327068    0.15%
  47886 22869     3603.5806   481     3607.0852     3601.5904   333192    0.15%
  49426 23571     3606.1942   478     3607.0852     3601.5953   340180    0.15%
  50864 24200     3606.4131   421     3607.0852     3601.5997   346739    0.15%
  52247 24813     3602.7697   495     3607.0852     3601.6020   353017    0.15%
  53699 26102     3603.4149   475     3607.0852     3601.6073   359428    0.15%
  54981 27237     3604.5012   446     3607.0852     3601.6085   365199    0.15%
  56367 28474     3601.6554   512     3607.0852     3601.6121   371765    0.15%
  57831 29774     3605.4323   470     3607.0852     3601.6173   378993    0.15%
Elapsed time = 553.97 sec. (281397.75 ticks, tree = 431.02 MB, solutions = 82)
  59178 30992     3602.1189   508     3607.0852     3601.6204   385277    0.15%
  60704 32354     3606.7359   199     3607.0852     3601.6243   392031    0.15%
  62175 33649     3607.0310   495     3607.0852     3601.6273   398454    0.15%
  63544 34862     3606.7229   437     3607.0852     3601.6319   404743    0.15%
  65006 36163     3603.8706   510     3607.0852     3601.6354   411134    0.15%
  66458 37439     3604.8265   477     3607.0852     3601.6369   417500    0.15%
  67874 38713     3606.7366   473     3607.0852     3601.6406   423670    0.15%
  69281 39959     3604.8899   413     3607.0852     3601.6435   430035    0.15%
  70732 41246     3601.7060   499     3607.0852     3601.6461   436377    0.15%
  72170 42543     3605.5820   461     3607.0852     3601.6476   442914    0.15%
Elapsed time = 635.86 sec. (319636.86 ticks, tree = 621.01 MB, solutions = 82)
  73436 43686     3606.3951   437     3607.0852     3601.6496   448461    0.15%
  74773 44869     3605.2994   406     3607.0852     3601.6503   454475    0.15%
  75983 45948     3603.0908   504     3607.0852     3601.6525   459561    0.15%
  77118 46965     3606.2047   427     3607.0852     3601.6534   464856    0.15%
  78307 48020     3605.5720   399     3607.0852     3601.6558   470211    0.15%
  79737 49276     3601.7465   509     3607.0852     3601.6574   476314    0.15%
  81115 50484     3605.4495   458     3607.0852     3601.6591   482366    0.15%
  82587 51793     3606.7468   410     3607.0852     3601.6611   488765    0.15%
  84174 53211     3603.4006   480     3607.0852     3601.6622   495434    0.15%
  85519 54413     3603.9921   479     3607.0852     3601.6637   501733    0.15%
Elapsed time = 718.35 sec. (357894.48 ticks, tree = 798.99 MB, solutions = 82)
  86771 55557     3606.3073   372     3607.0852     3601.6655   507433    0.15%
  88102 56736     3601.8367   513     3607.0852     3601.6664   513104    0.15%
  89475 57967     3602.9930   485     3607.0852     3601.6674   519332    0.15%
  90685 59035     3602.2174   531     3607.0852     3601.6686   524476    0.15%
  92138 60325     3602.1061   525     3607.0852     3601.6706   531109    0.15%
  93536 61600     3602.4786   495     3607.0852     3601.6711   537534    0.15%
  95001 62939     3603.4188   510     3607.0852     3601.6730   544047    0.15%
  96497 64293     3604.3725   458     3607.0852     3601.6743   550987    0.15%
  97921 65567     3607.0082   378     3607.0852     3601.6753   557798    0.15%
  99225 66728     3602.1011   506     3607.0852     3601.6767   563562    0.15%
Elapsed time = 801.28 sec. (396138.33 ticks, tree = 988.23 MB, solutions = 82)
 100505 67862     3605.5175   489     3607.0852     3601.6775   569277    0.15%
 101743 68945     3606.6535   480     3607.0852     3601.6790   575105    0.15%
 102987 70025     3601.7405   504     3607.0852     3601.6800   580593    0.15%
 104283 71178     3606.9437   375     3607.0852     3601.6807   586928    0.15%
 105703 72435     3606.3598   406     3607.0852     3601.6817   593980    0.15%
 107140 73725     3603.5366   483     3607.0852     3601.6831   600609    0.15%
 108579 75012     3603.3260   493     3607.0852     3601.6841   607350    0.15%
 110030 76289     3605.7455   502     3607.0852     3601.6850   613756    0.15%
 111579 77656     3604.1513   479     3607.0852     3601.6866   620480    0.15%
 112850 78760        cutoff           3607.0852     3601.6875   626061    0.15%
Elapsed time = 884.04 sec. (434440.81 ticks, tree = 1167.85 MB, solutions = 82)
 114162 79912     3605.0233   496     3607.0852     3601.6886   631867    0.15%
 115439 80992     3605.7745   248     3607.0852     3601.6896   637610    0.15%
 116625 82013     3602.1603   491     3607.0852     3601.6902   643219    0.15%
 118090 83274     3606.4970   515     3607.0852     3601.6919   649677    0.15%
 119595 84559     3604.9051   503     3607.0852     3601.6929   656415    0.15%
 120970 85788     3607.0424   196     3607.0852     3601.6936   662755    0.15%
 122360 86976     3604.3457   490     3607.0852     3601.6948   669035    0.15%
 123899 88301     3604.9022   426     3607.0852     3601.6961   675746    0.15%
 125347 89591     3605.3934   481     3607.0852     3601.6970   682294    0.15%
 126602 90691     3605.9123   407     3607.0852     3601.6977   688273    0.15%
Elapsed time = 966.76 sec. (472736.81 ticks, tree = 1346.67 MB, solutions = 82)
 127982 91833     3602.7189   510     3607.0852     3601.6991   694039    0.15%
 129303 92968     3606.0055   472     3607.0852     3601.6995   700193    0.15%
 130424 93967     3601.7747   498     3607.0852     3601.7006   705631    0.15%
 131765 95101     3602.2733   519     3607.0852     3601.7015   711276    0.15%
 132920 96152     3606.8379   419     3607.0852     3601.7017   716920    0.15%
 134348 97387     3605.4029   417     3607.0852     3601.7023   723335    0.15%
 135803 98605     3605.7010   515     3607.0852     3601.7037   729968    0.15%
 137281 99886     3606.1871   459     3607.0852     3601.7042   736662    0.15%
 138655 101104     3606.1718   393     3607.0852     3601.7052   743193    0.15%
 140112 102375     3601.9068   511     3607.0852     3601.7061   750060    0.15%
Elapsed time = 1049.45 sec. (510957.09 ticks, tree = 1520.49 MB, solutions = 82)
 141597 103631     3603.9154   480     3607.0852     3601.7075   756863    0.15%
 142938 104793     3604.4759   444     3607.0852     3601.7082   763188    0.15%
 144258 105946     3602.0727   519     3607.0852     3601.7088   769284    0.15%
 145622 107129     3605.9276   459     3607.0852     3601.7097   775849    0.15%
 146815 108174     3602.6003   493     3607.0852     3601.7101   782147    0.15%
 148015 109226     3606.3728   410     3607.0852     3601.7107   787952    0.15%
 149232 110279     3603.5040   492     3607.0852     3601.7115   793644    0.15%
 150524 111448     3607.0082   269     3607.0852     3601.7118   799775    0.15%
 151974 112677     3601.9598   519     3607.0852     3601.7125   806329    0.15%
 153360 113863     3603.3564   495     3607.0852     3601.7132   812565    0.15%
Elapsed time = 1131.79 sec. (549194.41 ticks, tree = 1693.27 MB, solutions = 82)
 154928 115243     3602.2272   531     3607.0852     3601.7140   819934    0.15%
 156390 116532     3602.3272   534     3607.0852     3601.7145   826803    0.15%
 157776 117764     3607.0003   358     3607.0852     3601.7150   833200    0.15%
 159211 119044     3605.8747   452     3607.0852     3601.7157   839827    0.15%
 160481 120146     3604.7565   518     3607.0852     3601.7161   846668    0.15%
 161674 121189     3603.2428   505     3607.0852     3601.7170   852268    0.15%
 163012 122354     3606.7470   394     3607.0852     3601.7171   858808    0.15%
 164249 123425     3603.5499   511     3607.0852     3601.7182   864271    0.15%
 165581 124588     3606.1296   397     3607.0852     3601.7188   870226    0.15%
 167023 125811     3604.4994   463     3607.0852     3601.7193   876663    0.15%
Elapsed time = 1214.23 sec. (587471.84 ticks, tree = 1871.39 MB, solutions = 82)
 168420 127001     3606.6877   402     3607.0852     3601.7201   883123    0.15%
 169771 128161     3605.8475   496     3607.0852     3601.7207   889408    0.15%
 171260 129482     3606.7124   393     3607.0852     3601.7211   896362    0.15%
 172674 130682     3604.1231   463     3607.0852     3601.7221   902907    0.15%
 174145 131967     3603.4785   479     3607.0852     3601.7233   910262    0.15%
 175539 133182     3606.3169   466     3607.0852     3601.7241   917190    0.15%
 176757 134254     3606.5775   186     3607.0852     3601.7246   922461    0.15%
 178245 135531     3604.9267   458     3607.0852     3601.7255   929422    0.15%
 179569 136648     3601.8197   517     3607.0852     3601.7260   935728    0.15%
 180843 137755     3605.1615   444     3607.0852     3601.7266   941771    0.15%
Elapsed time = 1296.78 sec. (625726.65 ticks, tree = 2051.46 MB, solutions = 82)
 182076 138796     3605.1396   447     3607.0852     3601.7274   947444    0.15%
 183245 139813     3602.3180   500     3607.0852     3601.7276   952660    0.15%
 184581 140980     3602.0339   534     3607.0852     3601.7283   958278    0.15%
 185952 142158     3602.5415   513     3607.0852     3601.7291   964121    0.15%
 187269 143342     3605.7839   483     3607.0852     3601.7291   970405    0.15%
 188684 144591     3602.0521   515     3607.0852     3601.7300   976260    0.15%
 190079 145827     3603.6921   501     3607.0852     3601.7304   982285    0.15%
 191518 147078     3603.8563   476     3607.0852     3601.7307   988225    0.15%
 192897 148286     3602.2588   502     3607.0852     3601.7309   994469    0.15%
 194239 149463     3605.6301   454     3607.0852     3601.7316  1000394    0.15%
Elapsed time = 1375.99 sec. (664106.44 ticks, tree = 2227.08 MB, solutions = 82)
Nodefile size = 175.71 MB (35.29 MB after compression)
 195638 150658     3605.4436   435     3607.0852     3601.7324  1006649    0.15%
 196937 151793     3602.1433   501     3607.0852     3601.7327  1012799    0.15%
 198157 152842     3602.4310   512     3607.0852     3601.7332  1018410    0.15%
 199508 154007     3603.0095   492     3607.0852     3601.7339  1024630    0.15%
 200753 155092     3606.5293   392     3607.0852     3601.7340  1030611    0.15%
 201848 156058     3607.0748   495     3607.0852     3601.7345  1035705    0.15%
 203222 157227     3604.9164   293     3607.0852     3601.7351  1042023    0.15%
 204414 158299     3602.6403   506     3607.0852     3601.7355  1047603    0.15%
 205695 159418     3606.9240   422     3607.0852     3601.7356  1053559    0.15%
 206887 160439     3602.0660   497     3607.0852     3601.7360  1058869    0.15%
Elapsed time = 1455.48 sec. (702528.10 ticks, tree = 2392.58 MB, solutions = 82)
Nodefile size = 341.47 MB (69.18 MB after compression)
 208298 161708     3604.9563   446     3607.0852     3601.7365  1065156    0.15%
 209631 162846     3605.8528   492     3607.0852     3601.7372  1071230    0.15%
 211034 164072     3602.8881   491     3607.0852     3601.7376  1077672    0.15%
 212359 165218     3602.0673   522     3607.0852     3601.7378  1083695    0.15%
 213758 166424     3601.9962   512     3607.0852     3601.7382  1089749    0.15%
 214998 167547     3604.7554   429     3607.0852     3601.7388  1095454    0.15%
 216282 168682     3605.4744   463     3607.0852     3601.7395  1101536    0.15%
 217591 169844     3605.6907   491     3607.0852     3601.7401  1107760    0.15%
 218937 171025     3607.0020   423     3607.0852     3601.7406  1113669    0.15%
 220247 172180     3605.3059   449     3607.0852     3601.7413  1119649    0.15%
Elapsed time = 1533.49 sec. (740759.26 ticks, tree = 2569.68 MB, solutions = 82)
Nodefile size = 519.07 MB (104.92 MB after compression)
 221423 173184     3604.3752   483     3607.0852     3601.7418  1125337    0.15%
 222575 174146     3603.7874   472     3607.0852     3601.7423  1131067    0.15%
 223924 175339     3604.2735   460     3607.0852     3601.7428  1137492    0.15%
 225158 176418     3605.6160   510     3607.0852     3601.7431  1142908    0.15%
 226197 177331     3602.2899   512     3607.0852     3601.7437  1148070    0.15%
 227487 178441     3606.7528   462     3607.0852     3601.7441  1154378    0.15%
 228607 179431     3605.3901   308     3607.0852     3601.7441  1159293    0.15%
 229968 180612     3606.3842   363     3607.0852     3601.7445  1165784    0.15%
 231314 181804     3605.8563   442     3607.0852     3601.7451  1171782    0.15%
 232601 182906     3602.0318   515     3607.0852     3601.7456  1177786    0.15%
Elapsed time = 1611.73 sec. (779024.45 ticks, tree = 2731.89 MB, solutions = 82)
Nodefile size = 681.73 MB (137.12 MB after compression)
 233928 184040     3606.2661   504     3607.0852     3601.7460  1184688    0.15%
 235318 185240     3604.7679   533     3607.0852     3601.7462  1191493    0.15%
 236719 186469     3603.6877   462     3607.0852     3601.7467  1197631    0.15%
 238151 187738     3605.2202   446     3607.0852     3601.7472  1204394    0.15%
 239406 188839     3605.4928   424     3607.0852     3601.7476  1210467    0.15%
 240772 190013     3603.9079   468     3607.0852     3601.7482  1216577    0.15%
 241960 191030     3601.9899   496     3607.0852     3601.7488  1222199    0.15%
 243415 192284     3606.7088   481     3607.0852     3601.7492  1228841    0.15%
 244630 193329     3603.9102   518     3607.0852     3601.7498  1234446    0.15%
 245755 194319     3602.9981   504     3607.0852     3601.7499  1239965    0.15%
Elapsed time = 1690.40 sec. (817299.16 ticks, tree = 2902.24 MB, solutions = 82)
Nodefile size = 851.26 MB (169.83 MB after compression)
 246975 195375     3602.2831   528     3607.0852     3601.7504  1245711    0.15%
 248308 196528     3606.3188   239     3607.0852     3601.7508  1252216    0.15%
 249642 197683     3602.2806   465     3607.0852     3601.7511  1258323    0.15%
 250933 198833     3602.2470   514     3607.0852     3601.7514  1264225    0.15%
 252367 200086     3604.7752   321     3607.0852     3601.7517  1270597    0.15%
 253630 201202     3604.4601   452     3607.0852     3601.7520  1276728    0.15%
 255001 202393     3607.0570   342     3607.0852     3601.7526  1283348    0.15%
 256385 203581     3603.5364   456     3607.0852     3601.7528  1289921    0.15%
 257791 204842     3606.9618   428     3607.0852     3601.7531  1296636    0.15%
 259122 205975     3606.3933   390     3607.0852     3601.7534  1303000    0.15%
Elapsed time = 1769.26 sec. (855550.25 ticks, tree = 3076.96 MB, solutions = 82)
Nodefile size = 1025.68 MB (203.37 MB after compression)
 260504 207183     3603.1727   507     3607.0852     3601.7537  1308901    0.15%
 261918 208417     3603.7766   472     3607.0852     3601.7543  1315370    0.15%
 263243 209569     3602.9879   490     3607.0852     3601.7547  1321271    0.15%
 264568 210741     3605.7428   479     3607.0852     3601.7549  1327534    0.15%
 265785 211823     3605.7989   401     3607.0852     3601.7554  1333360    0.15%
 267161 213015     3602.4866   485     3607.0852     3601.7558  1339767    0.15%
 268415 214108     3604.9227   484     3607.0852     3601.7561  1345389    0.15%
 269692 215218     3606.7699   506     3607.0852     3601.7566  1351344    0.15%
 270901 216291     3605.5903   491     3607.0852     3601.7570  1357220    0.15%
 272129 217363     3603.6820   490     3607.0852     3601.7571  1362620    0.15%
Elapsed time = 1849.02 sec. (894057.98 ticks, tree = 3247.88 MB, solutions = 82)
Nodefile size = 1196.37 MB (235.64 MB after compression)
 273481 218528     3605.6800   250     3607.0852     3601.7575  1368543    0.15%
 274760 219666     3606.6287   442     3607.0852     3601.7578  1374435    0.15%
 276190 220934     3607.0084   407     3607.0852     3601.7582  1381133    0.15%
 277590 222128     3606.0800   422     3607.0852     3601.7586  1387550    0.15%
 278928 223294     3601.8462   519     3607.0852     3601.7587  1393597    0.15%
 280278 224484     3605.2802   427     3607.0852     3601.7592  1400041    0.15%
 281711 225712     3606.4371   498     3607.0852     3601.7596  1407259    0.15%
 283117 226913     3602.9409   507     3607.0852     3601.7598  1413597    0.15%
 284519 228137     3606.9255   490     3607.0852     3601.7602  1420218    0.15%
 285991 229406     3606.3950   442     3607.0852     3601.7606  1426767    0.15%
Elapsed time = 1928.15 sec. (932418.10 ticks, tree = 3432.48 MB, solutions = 82)
Nodefile size = 1381.96 MB (269.98 MB after compression)
 287275 230533     3605.7204   479     3607.0852     3601.7607  1432720    0.15%
 288511 231628     3606.8367   492     3607.0852     3601.7613  1438661    0.15%
 289759 232729     3603.5567   459     3607.0852     3601.7618  1444099    0.15%
 291070 233830     3602.3162   512     3607.0852     3601.7621  1449976    0.15%
 292458 235020     3604.9567   458     3607.0852     3601.7625  1456647    0.15%
 293642 236043     3602.5134   506     3607.0852     3601.7627  1462021    0.15%
 294975 237202     3602.3066   521     3607.0852     3601.7631  1467913    0.15%
 296189 238224     3606.2145   464     3607.0852     3601.7632  1473715    0.15%
 297576 239443     3605.7696   491     3607.0852     3601.7636  1480024    0.15%
 299013 240675     3603.6426   486     3607.0852     3601.7639  1486299    0.15%
Elapsed time = 2008.18 sec. (970874.10 ticks, tree = 3600.68 MB, solutions = 82)
Nodefile size = 1549.68 MB (301.93 MB after compression)
 300383 241847     3606.7429   383     3607.0852     3601.7643  1492728    0.15%
 301788 243048     3602.2240   513     3607.0852     3601.7645  1499157    0.15%
 303103 244203     3603.0842   494     3607.0852     3601.7652  1504895    0.15%
 304475 245383     3604.0660   483     3607.0852     3601.7658  1511584    0.15%
 305915 246651     3602.0206   508     3607.0852     3601.7662  1518104    0.15%
 307328 247879     3606.7262   432     3607.0852     3601.7665  1524394    0.15%
 308647 249028     3602.3243   512     3607.0852     3601.7667  1530607    0.15%
 310066 250286     3606.5051   465     3607.0852     3601.7670  1537107    0.15%
 311408 251445     3601.8021   495     3607.0852     3601.7672  1543342    0.15%
 312711 252627     3606.9958   441     3607.0852     3601.7676  1549104    0.15%
Elapsed time = 2087.19 sec. (1009094.96 ticks, tree = 3781.22 MB, solutions = 82)
Nodefile size = 1731.30 MB (336.46 MB after compression)
 314071 253786     3606.9894   473     3607.0852     3601.7680  1555307    0.15%
 315381 254912     3606.9403   412     3607.0852     3601.7681  1561496    0.15%
 316609 255950     3604.1946   518     3607.0852     3601.7685  1566884    0.15%
 318053 257199     3602.9037   445     3607.0852     3601.7691  1573240    0.15%
 319234 258230     3605.2160   471     3607.0852     3601.7693  1578867    0.15%
 320566 259349     3601.8283   511     3607.0852     3601.7698  1584869    0.15%
 321778 260386     3606.5806   467     3607.0852     3601.7701  1590024    0.15%
 323133 261546     3606.7675   474     3607.0852     3601.7704  1595723    0.15%
 324475 262708     3605.4511   429     3607.0852     3601.7705  1601650    0.15%
 325840 263898     3603.0834   507     3607.0852     3601.7708  1607892    0.15%
Elapsed time = 2166.24 sec. (1047288.86 ticks, tree = 3950.05 MB, solutions = 82)
Nodefile size = 1899.00 MB (367.67 MB after compression)
 327312 265128     3605.6162   491     3607.0852     3601.7713  1614311    0.15%
 328779 266404     3605.4092   486     3607.0852     3601.7716  1620605    0.15%
 330226 267649     3603.2220   545     3607.0852     3601.7719  1627181    0.15%
 331618 268814     3603.3242   541     3607.0852     3601.7723  1633450    0.15%
 332992 269979     3603.2241   526     3607.0852     3601.7727  1639880    0.15%
 334324 271146     3604.9594   471     3607.0852     3601.7731  1646052    0.15%
 335765 272415     3606.5084   488     3607.0852     3601.7735  1652514    0.15%
 337144 273605     3606.8391   426     3607.0852     3601.7738  1658846    0.15%
 338624 274834     3602.0475   486     3607.0852     3601.7742  1665127    0.15%
 339886 275909     3604.0063   484     3607.0852     3601.7745  1670567    0.15%
Elapsed time = 2245.13 sec. (1085571.12 ticks, tree = 4130.42 MB, solutions = 82)
Nodefile size = 2079.60 MB (400.69 MB after compression)
 341162 276992     3602.5144   517     3607.0852     3601.7749  1676209    0.15%
 342280 277965     3603.7074   487     3607.0852     3601.7750  1681645    0.15%
 343621 279115     3606.2733   418     3607.0852     3601.7754  1687487    0.15%
 344960 280267     3602.6452   522     3607.0852     3601.7757  1693306    0.15%
 346261 281358     3601.9142   512     3607.0852     3601.7762  1699194    0.15%
 347578 282504     3606.3102   398     3607.0852     3601.7765  1704888    0.15%
 348824 283598     3606.2456   446     3607.0852     3601.7768  1710173    0.15%
 350294 284836     3604.9290   432     3607.0852     3601.7769  1716477    0.15%
 351677 286013     3603.5559   474     3607.0852     3601.7773  1722562    0.15%
 353173 287276     3604.5432   448     3607.0852     3601.7777  1729060    0.15%
Elapsed time = 2324.16 sec. (1123778.31 ticks, tree = 4300.41 MB, solutions = 82)
Nodefile size = 2249.22 MB (431.76 MB after compression)
 354614 288510     3605.1610   465     3607.0852     3601.7781  1735192    0.15%
 356051 289769     3606.5974   465     3607.0852     3601.7783  1741868    0.15%
 357547 291074     3606.8054   441     3607.0852     3601.7786  1748563    0.15%
 358973 292232     3605.6185   443     3607.0852     3601.7787  1754693    0.15%
 360389 293425     3603.3048   481     3607.0852     3601.7790  1761315    0.15%
 361777 294634     3603.5461   519     3607.0852     3601.7795  1767610    0.15%
 363196 295847     3604.9576   494     3607.0852     3601.7798  1774416    0.15%
 364493 296948     3603.2522   497     3607.0852     3601.7800  1780453    0.15%
 365874 298123     3606.9348   183     3607.0852     3601.7802  1786385    0.15%
 367255 299327     3606.2894   452     3607.0852     3601.7804  1792553    0.15%
Elapsed time = 2404.08 sec. (1162004.44 ticks, tree = 4478.25 MB, solutions = 82)
Nodefile size = 2426.65 MB (464.46 MB after compression)
 368563 300457     3604.8937   481     3607.0852     3601.7806  1798315    0.15%
 369821 301529     3605.5830   486     3607.0852     3601.7808  1804071    0.15%
 371220 302723     3607.0234   432     3607.0852     3601.7813  1810282    0.15%
 372512 303818     3604.6664   517     3607.0852     3601.7817  1816301    0.15%
 373857 304935     3604.1889   452     3607.0852     3601.7819  1822263    0.15%
 375275 306146     3603.6434   482     3607.0852     3601.7822  1828463    0.15%
 376602 307294     3606.2018   465     3607.0852     3601.7825  1834516    0.15%
 377829 308350     3604.8920   484     3607.0852     3601.7826  1839962    0.15%
 379255 309594     3604.4654   503     3607.0852     3601.7830  1845880    0.15%
 380778 310900     3606.3988   462     3607.0852     3601.7832  1852591    0.15%
Elapsed time = 2484.30 sec. (1200352.13 ticks, tree = 4654.70 MB, solutions = 82)
Nodefile size = 2603.09 MB (496.33 MB after compression)
 382136 312072     3604.4616   453     3607.0852     3601.7835  1858944    0.15%
 383576 313336     3606.4072   425     3607.0852     3601.7837  1865478    0.15%
 385047 314599     3602.0758   507     3607.0852     3601.7840  1872139    0.15%
 386518 315840     3604.1148   475     3607.0852     3601.7843  1878500    0.15%
 387952 317079     3602.7594   519     3607.0852     3601.7844  1884892    0.15%
 389353 318308     3603.6512   464     3607.0852     3601.7847  1891334    0.15%
 390804 319545     3603.6323   469     3607.0852     3601.7851  1897513    0.15%
 392303 320837     3605.5329   455     3607.0852     3601.7857  1904120    0.15%
 393772 322089     3602.0974   505     3607.0852     3601.7859  1910476    0.15%
 395045 323201     3605.0950   441     3607.0852     3601.7861  1916222    0.15%
Elapsed time = 2564.20 sec. (1238541.59 ticks, tree = 4842.32 MB, solutions = 82)
Nodefile size = 2791.26 MB (529.82 MB after compression)
 396522 324461     3605.7006   500     3607.0852     3601.7864  1922472    0.15%
 397812 325559     3605.3464   409     3607.0852     3601.7865  1928378    0.15%
 399184 326750     3604.7203   454     3607.0852     3601.7868  1934393    0.15%
 400514 327893     3605.0753   447     3607.0852     3601.7870  1940471    0.15%
 401907 329079     3603.6821   440     3607.0852     3601.7874  1946116    0.15%
 403217 330211     3606.9638   491     3607.0852     3601.7876  1951674    0.15%
 404503 331313     3605.0273   453     3607.0852     3601.7879  1957760    0.15%
 405840 332438     3607.0409   478     3607.0852     3601.7881  1963599    0.15%
 407237 333602     3601.8265   506     3607.0852     3601.7884  1969583    0.15%
 408563 334744     3606.3113   377     3607.0852     3601.7887  1975536    0.15%
Elapsed time = 2644.12 sec. (1276811.09 ticks, tree = 5014.33 MB, solutions = 82)
Nodefile size = 2963.57 MB (559.91 MB after compression)
 410028 336005     3605.1595   476     3607.0852     3601.7890  1981743    0.15%
 411478 337259     3604.9055   422     3607.0852     3601.7894  1988130    0.15%
 412844 338439     3602.2431   513     3607.0852     3601.7896  1994283    0.15%
 414268 339652     3601.9687   503     3607.0852     3601.7898  2000604    0.15%
 415699 340908     3606.8043   445     3607.0852     3601.7901  2006922    0.15%
 417046 342060     3606.4288   427     3607.0852     3601.7903  2013061    0.15%
 418454 343275     3606.7582   457     3607.0852     3601.7904  2019196    0.15%
 419897 344485     3603.6512   456     3607.0852     3601.7908  2025554    0.15%
 421299 345712     3606.8208   435     3607.0852     3601.7911  2032046    0.15%
 422742 346918     3603.7067   452     3607.0852     3601.7914  2039377    0.15%
Elapsed time = 2724.47 sec. (1315035.45 ticks, tree = 5199.50 MB, solutions = 82)
Nodefile size = 3148.84 MB (592.74 MB after compression)
 424100 348075     3601.8701   523     3607.0852     3601.7916  2046844    0.15%
 425357 349144     3604.5149   417     3607.0852     3601.7918  2053757    0.15%
 426721 350313     3604.3664   468     3607.0852     3601.7920  2060928    0.15%
 428089 351483     3603.4180   469     3607.0852     3601.7922  2067918    0.15%
 429381 352618     3603.9395   442     3607.0852     3601.7925  2074971    0.15%
 430792 353830     3606.3034   467     3607.0852     3601.7927  2082218    0.15%
 432031 354903     3603.7497   447     3607.0852     3601.7931  2088924    0.15%
 433354 356087     3607.0555   436     3607.0852     3601.7933  2096374    0.15%
 434664 357239     3602.4803   526     3607.0852     3601.7936  2103900    0.15%
 436017 358425     3606.3746   440     3607.0852     3601.7939  2111130    0.15%
Elapsed time = 2804.41 sec. (1353341.22 ticks, tree = 5373.88 MB, solutions = 82)
Nodefile size = 3323.34 MB (623.42 MB after compression)
 437513 359716     3606.1081   217     3607.0852     3601.7940  2118987    0.15%
 438862 360889     3604.3190   457     3607.0852     3601.7944  2126604    0.15%
 440299 362115     3606.9084   499     3607.0852     3601.7948  2134177    0.15%
 441678 363333     3603.3610   520     3607.0852     3601.7950  2142043    0.15%
 443114 364630     3602.3589   491     3607.0852     3601.7953  2149871    0.15%
 444520 365876     3603.8184   468     3607.0852     3601.7956  2157332    0.15%
 445904 367089     3603.9839   441     3607.0852     3601.7959  2164813    0.15%
 447419 368387     3607.0375   467     3607.0852     3601.7962  2173157    0.15%
 448835 369606     3604.4246   427     3607.0852     3601.7964  2180789    0.15%
 450213 370814     3606.7423   439     3607.0852     3601.7965  2187855    0.15%
Elapsed time = 2884.41 sec. (1391655.26 ticks, tree = 5556.82 MB, solutions = 82)
Nodefile size = 3504.86 MB (655.22 MB after compression)
 451628 372036        cutoff           3607.0852     3601.7968  2195294    0.15%
 452900 373183     3606.8098   487     3607.0852     3601.7971  2202719    0.15%
 454201 374355     3605.4000   442     3607.0852     3601.7974  2209924    0.15%
 455497 375470     3605.6452   501     3607.0852     3601.7975  2216829    0.15%
 456857 376652     3605.6231   494     3607.0852     3601.7977  2224409    0.15%
 458175 377820     3606.1315   467     3607.0852     3601.7979  2231536    0.15%
 459453 378909     3606.3233   438     3607.0852     3601.7982  2238403    0.15%
 460824 380093     3606.8223   458     3607.0852     3601.7986  2246030    0.15%
 462269 381353     3602.8125   495     3607.0852     3601.7989  2254223    0.15%
 463542 382457     3605.6847   484     3607.0852     3601.7990  2261445    0.15%
Elapsed time = 2964.33 sec. (1429919.30 ticks, tree = 5732.53 MB, solutions = 82)
Nodefile size = 3681.46 MB (686.38 MB after compression)
 464906 383667     3606.2096   471     3607.0852     3601.7993  2269037    0.15%
 466309 384910     3601.9542   516     3607.0852     3601.7995  2276602    0.15%
 467721 386154     3606.5117   442     3607.0852     3601.7997  2284523    0.15%
 469166 387417     3606.2476   383     3607.0852     3601.7999  2292619    0.15%
 470659 388736     3602.4911   491     3607.0852     3601.8003  2300687    0.15%
 472058 389955     3602.3702   526     3607.0852     3601.8005  2308316    0.15%
 473395 391162     3606.6643   397     3607.0852     3601.8007  2315808    0.15%
 474694 392321     3606.8164   484     3607.0852     3601.8009  2323285    0.15%
 476007 393494     3604.5457   466     3607.0852     3601.8010  2330353    0.15%
 477371 394679     3602.5393   523     3607.0852     3601.8012  2336757    0.15%
Elapsed time = 3043.40 sec. (1468160.12 ticks, tree = 5918.14 MB, solutions = 82)
Nodefile size = 3867.00 MB (718.79 MB after compression)
 478702 395849     3604.2822   511     3607.0852     3601.8014  2343382    0.15%
 480140 397074     3603.4146   475     3607.0852     3601.8017  2350558    0.15%
 481499 398239     3601.8557   500     3607.0852     3601.8019  2357037    0.15%
 482955 399473     3606.9242   462     3607.0852     3601.8023  2363884    0.15%
 484380 400703     3606.5977   469     3607.0852     3601.8024  2370319    0.15%
 485743 401868     3605.6328   488     3607.0852     3601.8027  2376550    0.15%
 487028 402971     3603.1137   530     3607.0852     3601.8028  2382264    0.15%
 488476 404170     3601.9439   515     3607.0852     3601.8030  2388407    0.15%
 489693 405243     3604.7236   423     3607.0852     3601.8032  2394188    0.15%
 491064 406417     3606.7636   485     3607.0852     3601.8034  2400708    0.15%
Elapsed time = 3124.27 sec. (1506494.26 ticks, tree = 6095.81 MB, solutions = 82)
Nodefile size = 4044.54 MB (749.06 MB after compression)
 492489 407657     3605.7723   492     3607.0852     3601.8035  2407252    0.15%
 493941 408897        cutoff           3607.0852     3601.8038  2414057    0.15%
 495424 410171     3605.2660   289     3607.0852     3601.8039  2420624    0.15%
 496882 411405     3605.9923   474     3607.0852     3601.8041  2427395    0.15%
 498271 412608     3602.8228   508     3607.0852     3601.8042  2433690    0.15%
 499716 413829     3607.0795   509     3607.0852     3601.8044  2440109    0.15%
 501167 415059     3603.4548   478     3607.0852     3601.8047  2446737    0.15%
 502542 416263     3604.2026   422     3607.0852     3601.8049  2453225    0.15%
 503991 417537     3606.9299   477     3607.0852     3601.8050  2459796    0.15%
 505413 418767     3606.1454   475     3607.0852     3601.8052  2466702    0.15%
Elapsed time = 3204.71 sec. (1544772.90 ticks, tree = 6283.40 MB, solutions = 82)
Nodefile size = 4232.06 MB (780.61 MB after compression)
 506873 420002     3602.1700   502     3607.0852     3601.8054  2473582    0.15%
 508263 421215     3606.7769   452     3607.0852     3601.8055  2479991    0.15%
 509763 422491     3605.8151   414     3607.0852     3601.8057  2486663    0.15%
 511120 423668     3605.5084   470     3607.0852     3601.8060  2493004    0.15%
 512479 424861     3605.1233   437     3607.0852     3601.8061  2499384    0.15%
 513854 426034     3603.2576   507     3607.0852     3601.8063  2505604    0.15%
 515275 427277     3606.4042   457     3607.0852     3601.8065  2512356    0.15%
 516493 428322     3604.5244   489     3607.0852     3601.8066  2517881    0.15%
 517945 429554     3604.9033   502     3607.0852     3601.8067  2524392    0.15%
 519282 430684     3603.6078   470     3607.0852     3601.8068  2530586    0.15%
Elapsed time = 3285.20 sec. (1583095.27 ticks, tree = 6463.73 MB, solutions = 82)
Nodefile size = 4412.57 MB (810.87 MB after compression)
 520642 431826     3602.4211   526     3607.0852     3601.8070  2537072    0.15%
 521848 432881     3601.8073   507     3607.0852     3601.8072  2542818    0.15%
 523279 434104     3603.2601   506     3607.0852     3601.8074  2549531    0.15%
 524733 435358     3606.2884   468     3607.0852     3601.8076  2556857    0.15%
 526219 436638     3604.4978   502     3607.0852     3601.8077  2563477    0.15%
 527650 437877     3602.3933   510     3607.0852     3601.8078  2569987    0.15%
 529070 439080     3604.2368   530     3607.0852     3601.8081  2576785    0.15%
 530481 440293     3602.1124   484     3607.0852     3601.8083  2583408    0.15%
 531898 441528     3603.3380   483     3607.0852     3601.8085  2590254    0.15%
 533368 442796     3603.6288   471     3607.0852     3601.8087  2597234    0.15%
Elapsed time = 3365.54 sec. (1621463.86 ticks, tree = 6649.35 MB, solutions = 82)
Nodefile size = 4599.08 MB (842.10 MB after compression)
 534728 443944     3606.8467   484     3607.0852     3601.8088  2603335    0.15%
 536325 445273     3601.8168   494     3607.0852     3601.8090  2610401    0.15%
 537741 446477     3606.9659   448     3607.0852     3601.8092  2616803    0.15%
 539221 447748     3605.5311   445     3607.0852     3601.8094  2623899    0.15%
 540632 448999     3602.2987   510     3607.0852     3601.8095  2630357    0.15%
 542086 450223     3605.3529   494     3607.0852     3601.8097  2637294    0.15%
 543369 451342     3603.7975   467     3607.0852     3601.8100  2643496    0.15%
 544753 452538     3603.9146   482     3607.0852     3601.8102  2649845    0.15%
 546080 453665     3604.4119   489     3607.0852     3601.8103  2656220    0.15%
 547447 454845     3606.7908   443     3607.0852     3601.8105  2662335    0.15%
Elapsed time = 3445.23 sec. (1659716.44 ticks, tree = 6831.92 MB, solutions = 82)
Nodefile size = 4781.56 MB (872.48 MB after compression)
 548922 456108     3604.2699   525     3607.0852     3601.8107  2669312    0.15%
 550253 457237     3607.0158   468     3607.0852     3601.8108  2675406    0.15%
 551595 458380     3602.8574   513     3607.0852     3601.8109  2681901    0.15%
 552874 459469     3602.7790   497     3607.0852     3601.8111  2687702    0.15%
 554177 460596     3604.6015   488     3607.0852     3601.8113  2694149    0.15%
 555613 461793     3607.0294   447     3607.0852     3601.8115  2700753    0.15%
 557015 462982     3606.8001   434     3607.0852     3601.8117  2707505    0.15%
 558461 464230     3603.7476   464     3607.0852     3601.8117  2714441    0.15%
 559819 465405     3606.6522   475     3607.0852     3601.8120  2721019    0.15%
 561276 466620        cutoff           3607.0852     3601.8123  2727819    0.15%
Elapsed time = 3525.84 sec. (1698221.73 ticks, tree = 7008.39 MB, solutions = 82)
Nodefile size = 4958.00 MB (901.80 MB after compression)
 562721 467871     3604.6182   516     3607.0852     3601.8125  2734207    0.15%
 564166 469078     3602.0205   510     3607.0852     3601.8126  2740903    0.15%
 565662 470360     3605.2931   452     3607.0852     3601.8128  2747575    0.15%
 567152 471602     3606.8985   438     3607.0852     3601.8130  2754238    0.15%
 568506 472767        cutoff           3607.0852     3601.8132  2760898    0.15%
 569875 473939     3602.0998   492     3607.0852     3601.8134  2767280    0.15%
 571361 475202     3605.5441   433     3607.0852     3601.8136  2774177    0.15%
 572748 476383     3606.7988   452     3607.0852     3601.8138  2780625    0.15%
 574115 477568     3603.5212   455     3607.0852     3601.8139  2787007    0.15%
 575508 478740     3605.5069   430     3607.0852     3601.8141  2793275    0.15%
Elapsed time = 3606.33 sec. (1736480.60 ticks, tree = 7192.09 MB, solutions = 82)
Nodefile size = 5141.31 MB (932.21 MB after compression)
 576972 479980     3602.8560   512     3607.0852     3601.8142  2799696    0.15%
 578285 481135     3603.6501   504     3607.0852     3601.8144  2806047    0.15%
 579571 482221     3605.5592   518     3607.0852     3601.8146  2812464    0.15%
 581019 483438     3606.3700   427     3607.0852     3601.8149  2819161    0.15%
 582392 484587     3602.5319   498     3607.0852     3601.8151  2825279    0.15%
 583770 485758     3606.0507   474     3607.0852     3601.8154  2831697    0.15%
 585112 486911     3604.0741   436     3607.0852     3601.8155  2838223    0.15%
 586353 487968     3606.1747   487     3607.0852     3601.8156  2843985    0.15%
 587660 489088     3605.4834   317     3607.0852     3601.8158  2849913    0.15%
 589025 490271     3605.0473   471     3607.0852     3601.8160  2856849    0.15%
Elapsed time = 3687.25 sec. (1774766.79 ticks, tree = 7365.25 MB, solutions = 82)
Nodefile size = 5313.79 MB (960.85 MB after compression)
 590401 491447     3606.5752   287     3607.0852     3601.8162  2863246    0.15%
 591794 492608        cutoff           3607.0852     3601.8163  2869745    0.15%
 593243 493850     3605.5725   496     3607.0852     3601.8166  2876950    0.15%
 594548 494989     3606.2996   490     3607.0852     3601.8168  2883135    0.15%
 595964 496241     3605.1050   502     3607.0852     3601.8171  2889949    0.15%
 597434 497472     3601.8176   531     3607.0852     3601.8174  2897210    0.15%
 598882 498724     3604.4170   482     3607.0852     3601.8177  2904218    0.15%
 600270 499968     3605.5040   427     3607.0852     3601.8178  2910713    0.15%
 601726 501213     3606.9622   443     3607.0852     3601.8179  2917675    0.15%
 603133 502437     3603.8715   437     3607.0852     3601.8181  2924397    0.15%
Elapsed time = 3766.52 sec. (1812964.79 ticks, tree = 7548.64 MB, solutions = 82)
Nodefile size = 5497.14 MB (991.38 MB after compression)
 604552 503678     3602.1572   492     3607.0852     3601.8183  2931596    0.15%
 605947 504931     3603.9188   424     3607.0852     3601.8185  2938201    0.15%
 607344 506127     3605.4060   457     3607.0852     3601.8188  2944729    0.15%
 608713 507314     3603.6833   464     3607.0852     3601.8190  2951376    0.15%
 610069 508477        cutoff           3607.0852     3601.8192  2958087    0.15%
 611485 509678     3603.4910   516     3607.0852     3601.8194  2964829    0.15%
 612795 510805     3605.8181   479     3607.0852     3601.8196  2971276    0.15%
 614186 512022     3601.8984   511     3607.0852     3601.8197  2978169    0.15%
 615594 513239     3604.4699   462     3607.0852     3601.8199  2985182    0.15%
 616910 514345     3607.0283   466     3607.0852     3601.8202  2991423    0.15%
Elapsed time = 3847.43 sec. (1851792.40 ticks, tree = 7727.83 MB, solutions = 82)
Nodefile size = 5676.52 MB (1021.00 MB after compression)
 618311 515562     3605.8041   490     3607.0852     3601.8204  2998282    0.15%
 619635 516700     3606.5983   467     3607.0852     3601.8205  3004697    0.15%
 620977 517846     3603.1605   464     3607.0852     3601.8207  3010764    0.15%
 622357 519064     3605.7399   470     3607.0852     3601.8209  3017587    0.15%
 623629 520135     3606.7672   399     3607.0852     3601.8211  3023650    0.15%
 625028 521330     3606.1544   487     3607.0852     3601.8213  3030201    0.15%
 626425 522532     3605.4343   471     3607.0852     3601.8215  3036994    0.15%
 627951 523848     3605.6025   489     3607.0852     3601.8216  3043905    0.15%
 629416 525075     3602.7831   514     3607.0852     3601.8219  3050873    0.15%
 630780 526252     3602.3898   501     3607.0852     3601.8220  3057695    0.15%
Elapsed time = 3928.43 sec. (1890168.82 ticks, tree = 7911.44 MB, solutions = 82)
Nodefile size = 5860.88 MB (1051.51 MB after compression)
 632319 527583     3606.7152   458     3607.0852     3601.8223  3065028    0.15%
 633733 528783     3603.3333   484     3607.0852     3601.8225  3071870    0.15%
 635206 530045     3602.1681   514     3607.0852     3601.8227  3079171    0.15%
 636622 531269     3606.5915   491     3607.0852     3601.8228  3086013    0.15%
 638155 532555     3607.0543   465     3607.0852     3601.8231  3093412    0.15%
 639544 533763     3605.8222   495     3607.0852     3601.8232  3100179    0.15%
 641055 535043     3605.9384   445     3607.0852     3601.8235  3106996    0.15%
 642544 536329     3602.5079   507     3607.0852     3601.8237  3113764    0.15%
 644002 537602     3604.8525   482     3607.0852     3601.8239  3120746    0.15%
 645389 538814     3603.6642   481     3607.0852     3601.8241  3127364    0.15%
Elapsed time = 4008.15 sec. (1928391.17 ticks, tree = 8099.49 MB, solutions = 82)
Nodefile size = 6048.31 MB (1082.82 MB after compression)
 646754 540004     3604.5433   506     3607.0852     3601.8242  3133696    0.15%
 648081 541173     3605.2122   420     3607.0852     3601.8244  3140166    0.15%
 649540 542449     3603.2446   492     3607.0852     3601.8247  3146927    0.15%
 650815 543559     3605.9864   406     3607.0852     3601.8248  3153201    0.15%
 652203 544771     3606.3988   443     3607.0852     3601.8251  3159583    0.15%
 653517 545921     3604.7106   461     3607.0852     3601.8253  3165819    0.15%
 654925 547143     3607.0226   493     3607.0852     3601.8255  3172405    0.15%
 656363 548393     3605.6059   495     3607.0852     3601.8257  3179538    0.15%
 657653 549528     3603.3439   498     3607.0852     3601.8260  3185997    0.15%
 659036 550724     3605.3134   498     3607.0852     3601.8261  3192569    0.15%
Elapsed time = 4090.17 sec. (1966952.24 ticks, tree = 8281.73 MB, solutions = 82)
Nodefile size = 6231.75 MB (1113.49 MB after compression)
 660256 551795     3606.7146   259     3607.0852     3601.8263  3198450    0.15%
 661729 553051     3601.9149   505     3607.0852     3601.8265  3205733    0.15%
 663134 554258     3604.4265   499     3607.0852     3601.8267  3212802    0.15%
 664512 555478     3604.8641   488     3607.0852     3601.8269  3219295    0.15%
 665960 556710     3606.4133   448     3607.0852     3601.8271  3226344    0.15%
 667401 557947     3603.8493   428     3607.0852     3601.8273  3233478    0.15%
 668886 559222     3606.1478   463     3607.0852     3601.8274  3240301    0.15%
 670320 560489     3606.8317   406     3607.0852     3601.8276  3247399    0.15%
 671682 561628     3602.5871   528     3607.0852     3601.8278  3254103    0.15%
 673083 562823     3602.1488   485     3607.0852     3601.8280  3260811    0.15%
Elapsed time = 4170.30 sec. (2005160.93 ticks, tree = 8463.81 MB, solutions = 82)
Nodefile size = 6413.23 MB (1143.47 MB after compression)
 674488 564040     3605.6589   513     3607.0852     3601.8282  3267835    0.15%
 675967 565341     3606.9668   481     3607.0852     3601.8284  3274950    0.15%
 677462 566599     3601.8773   510     3607.0852     3601.8286  3282093    0.15%
 678914 567863     3606.9148   487     3607.0852     3601.8287  3289211    0.15%
 680348 569133     3601.9145   526     3607.0852     3601.8289  3296277    0.15%
 681688 570268        cutoff           3607.0852     3601.8290  3302659    0.15%
 683142 571505     3603.8070   501     3607.0852     3601.8291  3309676    0.15%
 684440 572612     3605.7733   449     3607.0852     3601.8293  3316028    0.15%
 685821 573773     3607.0061   459     3607.0852     3601.8295  3322669    0.15%
 687284 575065     3606.5010   487     3607.0852     3601.8298  3329849    0.15%
Elapsed time = 4250.53 sec. (2043435.39 ticks, tree = 8647.35 MB, solutions = 82)
Nodefile size = 6596.49 MB (1173.76 MB after compression)
 688604 576186     3607.0698   482     3607.0852     3601.8300  3336227    0.15%
 689963 577348     3605.8160   491     3607.0852     3601.8302  3342966    0.15%
 691452 578570     3603.5038   495     3607.0852     3601.8304  3349542    0.15%
 692858 579771     3602.8858   515     3607.0852     3601.8305  3356224    0.15%
 694195 580901     3603.7759   536     3607.0852     3601.8307  3362818    0.15%
 695514 582024     3606.5218   461     3607.0852     3601.8309  3369160    0.15%
 696919 583207     3602.9631   512     3607.0852     3601.8311  3375757    0.15%
 698230 584343     3602.7808   500     3607.0852     3601.8312  3382148    0.15%
 699675 585578     3606.8433   466     3607.0852     3601.8314  3389129    0.15%
 700957 586694     3606.5631   437     3607.0852     3601.8315  3395389    0.15%
Elapsed time = 4331.30 sec. (2081719.79 ticks, tree = 8822.95 MB, solutions = 82)
Nodefile size = 6771.97 MB (1202.83 MB after compression)
 702568 588058     3604.9520   436     3607.0852     3601.8317  3402966    0.15%
 704008 589312     3604.0324   459     3607.0852     3601.8319  3409792    0.15%
 705518 590611     3605.9443   488     3607.0852     3601.8322  3416873    0.15%
 706935 591816     3605.9515   424     3607.0852     3601.8323  3423904    0.15%
 708422 593068        cutoff           3607.0852     3601.8326  3430630    0.15%
 709912 594350     3604.0514   497     3607.0852     3601.8327  3437371    0.15%
 711352 595567     3606.5616   481     3607.0852     3601.8329  3444339    0.15%
 712796 596842     3606.2830   491     3607.0852     3601.8331  3451100    0.15%
 714247 598088     3606.6738   437     3607.0852     3601.8333  3458097    0.15%
 715721 599347     3605.9652   466     3607.0852     3601.8335  3465123    0.15%
Elapsed time = 4411.10 sec. (2119939.90 ticks, tree = 9016.29 MB, solutions = 82)
Nodefile size = 6966.26 MB (1235.29 MB after compression)
 717146 600549     3606.7392   424     3607.0852     3601.8337  3471995    0.15%
 718581 601780     3605.5730   465     3607.0852     3601.8339  3479190    0.15%
 719951 602973     3605.7595   486     3607.0852     3601.8341  3485558    0.15%
 721446 604237     3604.0445   461     3607.0852     3601.8344  3492853    0.15%
 722810 605395     3605.3053   508     3607.0852     3601.8345  3499323    0.15%
 724094 606521     3604.3530   463     3607.0852     3601.8347  3505769    0.15%
 725556 607807     3605.7536   503     3607.0852     3601.8349  3512837    0.15%
 726871 608944     3603.9391   500     3607.0852     3601.8350  3519348    0.15%
 728391 610211     3605.3039   499     3607.0852     3601.8352  3526407    0.15%
 729815 611419     3602.1382   535     3607.0852     3601.8353  3532965    0.15%
Elapsed time = 4491.53 sec. (2158225.24 ticks, tree = 9195.98 MB, solutions = 82)
Nodefile size = 7144.73 MB (1265.30 MB after compression)
 731125 612563     3605.5149   488     3607.0852     3601.8354  3539405    0.15%
 732546 613782     3605.3394   478     3607.0852     3601.8356  3545980    0.15%
 733958 614994     3602.2207   533     3607.0852     3601.8358  3552957    0.15%
 735337 616170     3603.3699   501     3607.0852     3601.8360  3559856    0.15%
 736661 617333     3604.8454   351     3607.0852     3601.8361  3566187    0.15%
 738100 618557     3603.0451   491     3607.0852     3601.8364  3573560    0.15%
 739523 619810     3605.4371   531     3607.0852     3601.8366  3580682    0.15%
 741025 621050     3602.3173   517     3607.0852     3601.8367  3587800    0.15%
 742476 622296     3604.6856   485     3607.0852     3601.8369  3594693    0.15%
 743982 623575     3601.9401   490     3607.0852     3601.8371  3601823    0.15%
Elapsed time = 4572.14 sec. (2196428.55 ticks, tree = 9378.78 MB, solutions = 82)
Nodefile size = 7326.22 MB (1295.76 MB after compression)
 745411 624776     3605.3010   501     3607.0852     3601.8372  3608828    0.15%
 746721 625899     3603.3443   516     3607.0852     3601.8374  3615547    0.15%
 748162 627144     3607.0535   375     3607.0852     3601.8376  3622845    0.15%
 749645 628406     3606.6110   437     3607.0852     3601.8377  3630106    0.15%
 751071 629629     3604.9825   489     3607.0852     3601.8378  3636976    0.15%
 752547 630889     3602.6079   519     3607.0852     3601.8381  3644239    0.15%
 753997 632119     3602.5531   499     3607.0852     3601.8383  3651286    0.15%
 755450 633378     3602.4972   484     3607.0852     3601.8384  3658132    0.15%
 756866 634590     3607.0641   488     3607.0852     3601.8385  3665027    0.15%
 758352 635864     3606.0212   466     3607.0852     3601.8387  3672181    0.15%
Elapsed time = 4652.18 sec. (2234629.84 ticks, tree = 9567.90 MB, solutions = 82)
Nodefile size = 7517.59 MB (1327.88 MB after compression)
 759730 637043     3601.9879   513     3607.0852     3601.8389  3678811    0.15%
 761139 638266     3605.6417   497     3607.0852     3601.8391  3685627    0.15%
 762591 639490     3604.2289   429     3607.0852     3601.8392  3692255    0.15%
 763999 640712     3605.7545   484     3607.0852     3601.8394  3699014    0.15%
 765365 641898     3603.7880   452     3607.0852     3601.8394  3705791    0.15%
 766723 643053     3607.2191   386     3607.0852     3601.8396  3711564    0.15%
 768062 644206     3605.6792   494     3607.0852     3601.8397  3718556    0.15%
 769426 645357     3601.8634   524     3607.0852     3601.8399  3725188    0.15%
 770845 646598     3603.2828   497     3607.0852     3601.8400  3731426    0.15%
 772238 647799     3606.2117   539     3607.0852     3601.8401  3738051    0.15%
Elapsed time = 4732.40 sec. (2272910.60 ticks, tree = 9746.69 MB, solutions = 82)
Nodefile size = 7695.16 MB (1357.90 MB after compression)
 773567 648945     3606.1106   471     3607.0852     3601.8402  3744470    0.15%
 775109 650241     3606.7518   394     3607.0852     3601.8404  3751677    0.15%
 776399 651367     3605.3862   448     3607.0852     3601.8406  3758210    0.15%
 777800 652584     3604.7506   459     3607.0852     3601.8407  3765114    0.15%
 779290 653854     3604.2118   465     3607.0852     3601.8409  3772114    0.15%
 780742 655108     3605.0030   454     3607.0852     3601.8411  3778917    0.15%
 782104 656280     3603.6043   472     3607.0852     3601.8413  3785442    0.15%
 783505 657476     3605.6163   486     3607.0852     3601.8414  3791805    0.15%
 784979 658747     3601.9554   491     3607.0852     3601.8416  3798846    0.15%
 786441 660018     3606.6138   492     3607.0852     3601.8418  3805689    0.15%
Elapsed time = 4813.32 sec. (2311243.79 ticks, tree = 9933.18 MB, solutions = 82)
Nodefile size = 7882.62 MB (1389.37 MB after compression)
 787875 661266     3602.0867   528     3607.0852     3601.8420  3812377    0.15%
 789227 662444     3606.4225   426     3607.0852     3601.8421  3818655    0.15%
 790688 663715     3603.4527   504     3607.0852     3601.8422  3825687    0.15%
 792095 664948     3603.8120   466     3607.0852     3601.8424  3832571    0.15%
 793516 666151     3602.8544   529     3607.0852     3601.8425  3839652    0.15%
 794979 667427     3605.3741   482     3607.0852     3601.8427  3846364    0.15%
 796418 668649     3606.3109   449     3607.0852     3601.8428  3853385    0.15%
 797839 669897     3604.0067   425     3607.0852     3601.8430  3860329    0.15%
 799302 671135     3606.5837   443     3607.0852     3601.8431  3867130    0.15%
 800772 672402     3602.9342   504     3607.0852     3601.8432  3874420    0.15%
Elapsed time = 4894.49 sec. (2349730.80 ticks, tree = 10122.04 MB, solutions = 82)
Nodefile size = 8072.07 MB (1421.12 MB after compression)
 802148 673579        cutoff           3607.0852     3601.8433  3880808    0.15%
 803453 674715     3603.2102   499     3607.0852     3601.8434  3887277    0.15%
 804843 675909     3606.6558   456     3607.0852     3601.8435  3894131    0.15%
 806166 677038     3606.8997   470     3607.0852     3601.8437  3900459    0.15%
 807481 678160     3602.8557   511     3607.0852     3601.8438  3907193    0.15%
 808827 679344     3606.0277   493     3607.0852     3601.8440  3913574    0.15%
 810182 680529     3606.5413   425     3607.0852     3601.8441  3920532    0.15%
 811536 681719     3602.0055   512     3607.0852     3601.8442  3926608    0.15%
 812968 682989     3604.0046   458     3607.0852     3601.8444  3933884    0.15%
 814328 684171     3605.9828   482     3607.0852     3601.8445  3940302    0.15%
Elapsed time = 4975.38 sec. (2388259.48 ticks, tree = 10298.29 MB, solutions = 82)
Nodefile size = 8247.63 MB (1450.41 MB after compression)
 815774 685407     3601.8807   502     3607.0852     3601.8447  3946835    0.15%
 817119 686595     3607.0599   472     3607.0852     3601.8448  3953446    0.15%
 818600 687883     3606.7167   392     3607.0852     3601.8450  3960414    0.15%
 820069 689174     3603.6223   451     3607.0852     3601.8451  3967803    0.15%
 821471 690406     3605.2354   465     3607.0852     3601.8453  3974771    0.15%
 822925 691658     3606.8363   459     3607.0852     3601.8455  3981585    0.15%
 824437 692948     3603.6868   483     3607.0852     3601.8456  3988856    0.15%
 825894 694213     3606.3047   465     3607.0852     3601.8457  3996229    0.15%
 827349 695484     3606.7819   486     3607.0852     3601.8459  4003301    0.15%
 828842 696772     3603.7160   523     3607.0852     3601.8461  4010514    0.15%
Elapsed time = 5056.54 sec. (2426566.11 ticks, tree = 10491.39 MB, solutions = 82)
Nodefile size = 8440.90 MB (1482.76 MB after compression)
 830316 698074     3602.6770   494     3607.0852     3601.8462  4017744    0.15%
 831727 699299     3602.0050   527     3607.0852     3601.8464  4024948    0.15%
 833200 700578     3605.8956   466     3607.0852     3601.8465  4032215    0.15%
 834468 701674     3603.2965   513     3607.0852     3601.8466  4038511    0.15%
 835880 702903     3603.5051   506     3607.0852     3601.8467  4045351    0.15%
 837290 704137     3606.1278   459     3607.0852     3601.8469  4052367    0.15%
 838763 705423     3602.3472   508     3607.0852     3601.8470  4059450    0.15%
 840123 706609     3605.2308   467     3607.0852     3601.8471  4065862    0.15%
 841415 707718     3603.7370   498     3607.0852     3601.8472  4072278    0.15%
 842965 709063     3605.0864   442     3607.0852     3601.8474  4079814    0.15%
Elapsed time = 5137.94 sec. (2464875.72 ticks, tree = 10675.51 MB, solutions = 82)
Nodefile size = 8624.28 MB (1513.29 MB after compression)
 844241 710184     3605.9821   458     3607.0852     3601.8475  4086279    0.15%
 845566 711326     3606.9402   439     3607.0852     3601.8476  4092851    0.15%
 846992 712566     3606.9736   488     3607.0852     3601.8478  4099638    0.15%
 848493 713872     3605.3410   492     3607.0852     3601.8480  4106544    0.15%
 849884 715074     3606.1526   508     3607.0852     3601.8482  4113443    0.15%
 851229 716241     3605.0142   484     3607.0852     3601.8483  4120254    0.15%
 852554 717387     3606.2208   476     3607.0852     3601.8484  4126826    0.15%
 853942 718608     3606.8165   407     3607.0852     3601.8487  4133618    0.15%
 855300 719780     3602.7202   483     3607.0852     3601.8488  4139998    0.15%
 856736 721057     3604.1659   441     3607.0852     3601.8489  4147325    0.15%
Elapsed time = 5218.33 sec. (2503144.46 ticks, tree = 10859.91 MB, solutions = 82)
Nodefile size = 8809.61 MB (1544.35 MB after compression)
 857987 722146     3607.0118   426     3607.0852     3601.8490  4153242    0.15%
 859434 723384     3604.0473   432     3607.0852     3601.8492  4160448    0.15%
 860964 724686     3603.3006   522     3607.0852     3601.8493  4167887    0.15%
 862444 725946     3601.9594   539     3607.0852     3601.8494  4175013    0.15%
 863902 727203     3602.1071   504     3607.0852     3601.8496  4182301    0.15%
 865237 728381     3603.2045   469     3607.0852     3601.8498  4189364    0.15%
 866622 729586     3605.4274   462     3607.0852     3601.8499  4196233    0.15%
 868043 730824     3606.9635   487     3607.0852     3601.8500  4203240    0.15%
 869453 732071     3605.6820   484     3607.0852     3601.8501  4210079    0.15%
 870928 733357     3605.3434   471     3607.0852     3601.8503  4217428    0.15%
Elapsed time = 5298.40 sec. (2541350.99 ticks, tree = 11043.63 MB, solutions = 82)
Nodefile size = 8992.11 MB (1574.89 MB after compression)
 872415 734641     3606.5084   499     3607.0852     3601.8504  4224602    0.15%
 873843 735877     3607.0195   456     3607.0852     3601.8505  4231535    0.15%
 875311 737161     3606.7716   401     3607.0852     3601.8506  4238511    0.15%
 876769 738431     3606.5159   420     3607.0852     3601.8508  4245556    0.15%
 878261 739731     3603.4744   468     3607.0852     3601.8509  4252648    0.15%
 879670 740963     3602.4386   480     3607.0852     3601.8511  4259073    0.15%
 880850 742011     3606.9902   422     3607.0852     3601.8512  4264909    0.15%
 882242 743222     3607.0356   470     3607.0852     3601.8513  4271927    0.15%
 883660 744457     3603.6791   523     3607.0852     3601.8514  4278399    0.15%
 885032 745660     3602.8403   485     3607.0852     3601.8515  4285219    0.15%
Elapsed time = 5378.22 sec. (2579544.79 ticks, tree = 11229.32 MB, solutions = 82)
Nodefile size = 9177.54 MB (1606.06 MB after compression)
 886529 746976     3607.0571   433     3607.0852     3601.8517  4292497    0.15%
 887861 748155     3606.4262   468     3607.0852     3601.8518  4299037    0.15%
 889190 749298     3605.4495   489     3607.0852     3601.8518  4305252    0.15%
 890560 750467     3606.7890   469     3607.0852     3601.8521  4311976    0.15%
 891924 751632     3602.0315   524     3607.0852     3601.8522  4318337    0.15%
 893347 752840     3605.1749   488     3607.0852     3601.8523  4324738    0.15%
 894728 754079     3604.2697   463     3607.0852     3601.8524  4331298    0.15%
 896128 755300     3602.9438   483     3607.0852     3601.8525  4337822    0.15%
 897541 756508     3605.5835   487     3607.0852     3601.8526  4344905    0.15%
 899007 757770     3602.3628   493     3607.0852     3601.8528  4351930    0.15%
Elapsed time = 5458.07 sec. (2617741.81 ticks, tree = 11415.50 MB, solutions = 82)
Nodefile size = 9364.95 MB (1637.47 MB after compression)
 900473 759061     3603.3085   514     3607.0852     3601.8529  4358898    0.15%
 901902 760290     3602.0127   526     3607.0852     3601.8531  4365935    0.15%
 903340 761535     3607.1377   433     3607.0852     3601.8532  4372972    0.15%
 904756 762742     3606.4586   462     3607.0852     3601.8533  4379621    0.15%
 906277 764069     3606.6376   467     3607.0852     3601.8533  4386640    0.15%
 907756 765376     3606.6472   487     3607.0852     3601.8535  4393840    0.15%
 909096 766530     3602.3692   480     3607.0852     3601.8536  4400134    0.15%
 910546 767820     3605.1570   458     3607.0852     3601.8538  4407391    0.15%
 912017 769132     3606.9784   464     3607.0852     3601.8539  4414182    0.15%
 913397 770327     3601.8794   530     3607.0852     3601.8541  4420868    0.15%
Elapsed time = 5537.95 sec. (2656029.46 ticks, tree = 11604.83 MB, solutions = 82)
Nodefile size = 9554.26 MB (1669.44 MB after compression)
 914866 771618     3603.9499   471     3607.0852     3601.8541  4427953    0.15%
 916278 772847     3601.9279   529     3607.0852     3601.8543  4434456    0.15%
 917679 774063     3605.5445   432     3607.0852     3601.8543  4441208    0.15%
 919141 775314     3606.9594   500     3607.0852     3601.8545  4448268    0.15%
 920565 776509     3602.2096   490     3607.0852     3601.8546  4455258    0.15%
 921992 777736     3603.7118   471     3607.0852     3601.8548  4462112    0.15%
 923326 778907     3602.8722   491     3607.0852     3601.8548  4468362    0.15%
 924739 780114     3605.3417   468     3607.0852     3601.8550  4475268    0.14%
 926140 781323     3604.9938   447     3607.0852     3601.8551  4481920    0.14%
 927506 782516     3605.8095   269     3607.0852     3601.8552  4488483    0.14%
Elapsed time = 5618.51 sec. (2694459.44 ticks, tree = 11791.27 MB, solutions = 82)
Nodefile size = 9740.89 MB (1702.08 MB after compression)
 928872 783697     3602.2514   522     3607.0852     3601.8553  4495215    0.14%
 930247 784875     3602.6974   497     3607.0852     3601.8555  4501728    0.14%
 931693 786121     3605.8333   479     3607.0852     3601.8556  4508387    0.14%
 933039 787292     3605.0634   489     3607.0852     3601.8557  4514947    0.14%
 934407 788479     3602.8271   494     3607.0852     3601.8558  4521235    0.14%
 935821 789692     3603.5743   490     3607.0852     3601.8559  4527898    0.14%
 937221 790905     3606.9478   459     3607.0852     3601.8561  4534351    0.14%
 938566 792066     3606.8599   236     3607.0852     3601.8562  4540519    0.14%
 939991 793320     3604.9616   458     3607.0852     3601.8563  4547374    0.14%
 941404 794495     3601.8763   519     3607.0852     3601.8564  4553968    0.14%
Elapsed time = 5698.40 sec. (2732675.03 ticks, tree = 11971.71 MB, solutions = 82)
Nodefile size = 9921.43 MB (1733.98 MB after compression)
 942811 795696     3602.6709   504     3607.0852     3601.8565  4560881    0.14%
 944196 796918     3602.7382   490     3607.0852     3601.8566  4567544    0.14%
 945627 798127     3606.1330   452     3607.0852     3601.8567  4574518    0.14%
 947099 799406     3604.7592   473     3607.0852     3601.8569  4581747    0.14%
 948557 800648     3602.8821   542     3607.0852     3601.8570  4588766    0.14%
 950088 802001     3602.7974   503     3607.0852     3601.8571  4595502    0.14%
 951515 803223     3605.1270   473     3607.0852     3601.8572  4602579    0.14%
 952967 804457     3606.6778   443     3607.0852     3601.8573  4609666    0.14%
 954297 805612     3605.9118   392     3607.0852     3601.8574  4616000    0.14%
 955826 806935     3602.9119   504     3607.0852     3601.8575  4623182    0.14%
Elapsed time = 5778.60 sec. (2771044.74 ticks, tree = 12157.92 MB, solutions = 82)
Nodefile size = 10106.96 MB (1766.71 MB after compression)
 957231 808178     3603.9884   471     3607.0852     3601.8576  4630221    0.14%
 958659 809410     3602.8909   489     3607.0852     3601.8578  4637314    0.14%
 960097 810632     3603.6830   495     3607.0852     3601.8579  4644149    0.14%
 961623 811962     3604.0340   498     3607.0852     3601.8580  4651153    0.14%
 963025 813167     3604.6788   484     3607.0852     3601.8582  4657944    0.14%
 964518 814465     3604.2475   472     3607.0852     3601.8583  4665480    0.14%
 965973 815709     3605.2900   448     3607.0852     3601.8584  4672854    0.14%
 967409 816990     3602.5026   500     3607.0852     3601.8585  4679932    0.14%
 968791 818189     3603.6135   499     3607.0852     3601.8587  4686802    0.14%
 970184 819415     3603.3096   529     3607.0852     3601.8587  4693348    0.14%
Elapsed time = 5858.42 sec. (2809288.48 ticks, tree = 12350.23 MB, solutions = 82)
Nodefile size = 10300.40 MB (1801.37 MB after compression)
 971559 820581     3605.4590   504     3607.0852     3601.8589  4699821    0.14%
 972869 821744     3605.4504   473     3607.0852     3601.8590  4706434    0.14%
 974119 822846     3606.4863   444     3607.0852     3601.8591  4712492    0.14%
 975567 824092     3606.7315   390     3607.0852     3601.8593  4719317    0.14%
 976926 825265     3605.3322   428     3607.0852     3601.8595  4725801    0.14%
 978381 826581     3606.3412   506     3607.0852     3601.8596  4732392    0.14%
 979752 827744     3606.7272   504     3607.0852     3601.8596  4739206    0.14%
 981100 828904     3606.5657   166     3607.0852     3601.8598  4745228    0.14%
 982499 830088     3602.9064   491     3607.0852     3601.8599  4751770    0.14%
 983925 831346     3605.3220   451     3607.0852     3601.8600  4758485    0.14%
Elapsed time = 5938.63 sec. (2847520.52 ticks, tree = 12529.30 MB, solutions = 82)
Nodefile size = 10478.00 MB (1833.19 MB after compression)
 985213 832458     3604.5885   451     3607.0852     3601.8601  4764702    0.14%
 986563 833584     3605.2015   504     3607.0852     3601.8603  4771124    0.14%
 987910 834735     3603.1887   477     3607.0852     3601.8604  4777637    0.14%
 989348 836010     3603.3260   492     3607.0852     3601.8605  4784814    0.14%
 990774 837252     3603.3199   471     3607.0852     3601.8606  4791813    0.14%
 992183 838482     3603.3623   502     3607.0852     3601.8607  4798588    0.14%
 993659 839770     3603.2769   474     3607.0852     3601.8609  4805725    0.14%
 995166 841100     3602.2160   500     3607.0852     3601.8610  4812927    0.14%
 996651 842409     3602.3965   510     3607.0852     3601.8611  4820083    0.14%
 998117 843682     3603.3800   489     3607.0852     3601.8612  4827320    0.14%
Elapsed time = 6019.23 sec. (2885855.04 ticks, tree = 12717.98 MB, solutions = 82)
Nodefile size = 10667.49 MB (1867.26 MB after compression)
 999468 844837     3606.2128   481     3607.0852     3601.8613  4833795    0.14%
 1000900 846062     3606.8753   451     3607.0852     3601.8615  4840627    0.14%
 1002335 847270     3605.7602   462     3607.0852     3601.8616  4847479    0.14%
 1003765 848503     3603.1909   496     3607.0852     3601.8618  4854269    0.14%
 1005262 849785     3606.7059   481     3607.0852     3601.8619  4861326    0.14%
 1006628 850961     3606.9302    67     3607.0852     3601.8620  4867697    0.14%
 1008120 852209     3605.6208   473     3607.0852     3601.8621  4874877    0.14%
 1009539 853444     3602.9672   503     3607.0852     3601.8622  4881498    0.14%
 1011024 854748     3605.5334   498     3607.0852     3601.8623  4888303    0.14%
 1012431 855939     3605.5718   477     3607.0852     3601.8624  4895108    0.14%
Elapsed time = 6099.29 sec. (2924111.73 ticks, tree = 12903.28 MB, solutions = 82)
Nodefile size = 10852.97 MB (1900.58 MB after compression)
 1013870 857213     3606.1871   505     3607.0852     3601.8626  4901909    0.14%
 1015255 858388     3606.7949   390     3607.0852     3601.8627  4908384    0.14%
 1016632 859614     3605.6218   403     3607.0852     3601.8627  4914971    0.14%
 1017998 860795     3605.3210   463     3607.0852     3601.8629  4921626    0.14%
 1019467 862083     3604.6734   474     3607.0852     3601.8630  4928499    0.14%
 1020693 863124     3603.0937   490     3607.0852     3601.8631  4934434    0.14%
 1022320 864535     3606.5918   455     3607.0852     3601.8633  4941958    0.14%
 1023712 865723     3602.4405   507     3607.0852     3601.8635  4948273    0.14%
 1025112 866957     3601.8832   519     3607.0852     3601.8635  4955141    0.14%
 1026495 868120     3605.9807   460     3607.0852     3601.8637  4961955    0.14%
Elapsed time = 6180.05 sec. (2962556.02 ticks, tree = 13084.46 MB, solutions = 82)
Nodefile size = 11032.62 MB (1933.09 MB after compression)
 1027901 869330     3605.7471   467     3607.0852     3601.8638  4968598    0.14%
 1029087 870348     3603.8528   490     3607.0852     3601.8640  4974322    0.14%
 1030490 871575     3603.8115   465     3607.0852     3601.8641  4981386    0.14%
 1031871 872727     3603.7170   468     3607.0852     3601.8642  4987827    0.14%
 1033207 873872     3605.1991   475     3607.0852     3601.8643  4994510    0.14%
 1034621 875108     3605.7240   466     3607.0852     3601.8644  5001009    0.14%
 1036108 876379     3605.3250   469     3607.0852     3601.8646  5008290    0.14%
 1037555 877636     3602.8356   478     3607.0852     3601.8647  5015504    0.14%
 1039034 878930     3601.8666   509     3607.0852     3601.8649  5022409    0.14%
 1040456 880172     3602.3646   499     3607.0852     3601.8650  5028848    0.14%
Elapsed time = 6260.40 sec. (3000756.64 ticks, tree = 13269.62 MB, solutions = 82)
Nodefile size = 11219.13 MB (1966.83 MB after compression)
 1041896 881412     3603.4653   476     3607.0852     3601.8652  5035641    0.14%
 1043305 882644     3602.7917   498     3607.0852     3601.8653  5042270    0.14%
 1044733 883895     3606.5859   455     3607.0852     3601.8654  5048988    0.14%
 1046180 885155     3606.3749   437     3607.0852     3601.8655  5056084    0.14%
 1047656 886443     3605.0436   454     3607.0852     3601.8656  5063162    0.14%
 1049075 887669        cutoff           3607.0852     3601.8658  5070201    0.14%
 1050556 888936     3606.1128   487     3607.0852     3601.8659  5077209    0.14%
 1052033 890185     3602.9222   495     3607.0852     3601.8660  5084008    0.14%
 1053473 891438     3602.4208   477     3607.0852     3601.8661  5091064    0.14%
 1054810 892606     3604.6225   450     3607.0852     3601.8662  5097657    0.14%
Elapsed time = 6341.16 sec. (3039042.49 ticks, tree = 13457.23 MB, solutions = 82)
Nodefile size = 11405.69 MB (2000.60 MB after compression)
 1056352 893901     3603.5334   475     3607.0852     3601.8663  5104902    0.14%
 1057775 895126     3606.0902   488     3607.0852     3601.8664  5111948    0.14%
 1059169 896331     3605.6526   467     3607.0852     3601.8665  5118801    0.14%
 1060589 897567     3602.0392   508     3607.0852     3601.8665  5125364    0.14%
 1061961 898740     3606.1815   437     3607.0852     3601.8666  5131978    0.14%
 1063391 899994     3606.2104   426     3607.0852     3601.8667  5138933    0.14%
 1064791 901239     3606.8670   478     3607.0852     3601.8668  5145693    0.14%
 1066238 902518     3603.7324   485     3607.0852     3601.8670  5152564    0.14%
 1067523 903637     3604.8496   457     3607.0852     3601.8670  5158998    0.14%
 1068931 904837     3605.3355   484     3607.0852     3601.8671  5165819    0.14%
Elapsed time = 6421.24 sec. (3077257.16 ticks, tree = 13644.51 MB, solutions = 82)
Nodefile size = 11593.35 MB (2034.44 MB after compression)
 1070303 905997     3602.4087   493     3607.0852     3601.8672  5172409    0.14%
 1071659 907146     3602.2146   509     3607.0852     3601.8673  5178712    0.14%
 1073045 908344     3605.8462   505     3607.0852     3601.8675  5185566    0.14%
 1074413 909533     3604.9263   502     3607.0852     3601.8676  5192373    0.14%
 1075818 910745     3606.8409   484     3607.0852     3601.8677  5199246    0.14%
 1077248 911974     3605.1365   496     3607.0852     3601.8678  5206169    0.14%
 1078650 913195     3606.1883   431     3607.0852     3601.8679  5212468    0.14%
*1079781+914160                         3606.9982     3601.8680  5217685    0.14%
 1079857 914224     3606.5781   444     3606.9982     3601.8680  5218075    0.14%
*1080629+911152                         3606.8589     3601.8680  5221579    0.14%
 1081090 905238     3602.1499   532     3606.8589     3601.8680  5223983    0.14%
*1081860+905891                         3606.7246     3601.8681  5227704    0.13%
 1082281 901063     3606.4381   480     3606.7246     3601.8681  5229627    0.13%
Elapsed time = 6500.43 sec. (3115679.01 ticks, tree = 13580.90 MB, solutions = 85)
Nodefile size = 11529.76 MB (2018.35 MB after compression)
 1083577 902154     3606.6129   480     3606.7246     3601.8682  5235751    0.13%
 1084794 903172     3605.6372   464     3606.7246     3601.8683  5241378    0.13%
 1085843 904029     3604.4071   490     3606.7246     3601.8684  5246010    0.13%
 1087170 905134     3605.6834   506     3606.7246     3601.8685  5252148    0.13%
 1088254 906079     3603.6863   442     3606.7246     3601.8686  5257403    0.13%
 1089540 907141     3602.2021   517     3606.7246     3601.8687  5263371    0.13%
*1090213+907704                         3606.7166     3601.8687  5266622    0.13%
 1090697 907852     3605.2303   500     3606.7166     3601.8688  5269259    0.13%
 1091848 908830     3606.5266   454     3606.7166     3601.8688  5274902    0.13%
 1092976 909792     3603.9686   444     3606.7166     3601.8690  5280072    0.13%
 1093869 910563     3606.3611   454     3606.7166     3601.8691  5284235    0.13%
Elapsed time = 6575.45 sec. (3154843.47 ticks, tree = 13726.43 MB, solutions = 86)
Nodefile size = 11675.65 MB (2044.63 MB after compression)
 1095280 911750     3605.7939   470     3606.7166     3601.8691  5290611    0.13%
 1096341 912668     3605.6847   480     3606.7166     3601.8693  5295759    0.13%
 1097458 913614     3605.4129   510     3606.7166     3601.8693  5301032    0.13%
 1098909 914814     3602.7076   491     3606.7166     3601.8695  5307803    0.13%
 1099798 915567     3604.9532   324     3606.7166     3601.8696  5311825    0.13%
 1101029 916616     3604.9242   453     3606.7166     3601.8696  5317619    0.13%
*1101352+916884                         3606.5824     3601.8696  5319009    0.13%
 1102046 912263     3602.3073   499     3606.5824     3601.8697  5322461    0.13%
 1103006 913083     3606.0601   474     3606.5824     3601.8698  5326972    0.13%
*1103076+913146                         3606.4481     3601.8698  5327226    0.13%
 1103996 908154     3605.8660   461     3606.4481     3601.8699  5332082    0.13%
 1104981 909007     3604.4176   386     3606.4481     3601.8700  5336915    0.13%
Elapsed time = 6652.86 sec. (3196010.10 ticks, tree = 13702.43 MB, solutions = 88)
Nodefile size = 11651.89 MB (2036.26 MB after compression)
*1105876+909784                         3606.3088     3601.8701  5341193    0.12%
 1106004 903236     3606.1230   491     3606.3088     3601.8701  5341817    0.12%
 1106949 904050     3605.6294   478     3606.3088     3601.8702  5346506    0.12%
 1108218 905148     3603.4256   498     3606.3088     3601.8703  5352889    0.12%
 1109387 906175     3604.8513   505     3606.3088     3601.8704  5358438    0.12%
 1110581 907186     3603.4049   476     3606.3088     3601.8706  5364301    0.12%
 1111293 907802        cutoff           3606.3088     3601.8706  5367918    0.12%
*1111817+908259                         3606.1746     3601.8706  5370507    0.12%
 1112139 900832     3605.4792   444     3606.1746     3601.8707  5372277    0.12%
 1113191 901768     3604.6279   467     3606.1746     3601.8708  5377290    0.12%
 1114230 902666     3604.7441   311     3606.1746     3601.8708  5382149    0.12%
*1114529+902932                         3606.0404     3601.8708  5383426    0.12%
 1114891 893143     3604.9616   342     3606.0404     3601.8709  5384998    0.12%
Elapsed time = 6728.83 sec. (3237500.33 ticks, tree = 13456.67 MB, solutions = 91)
Nodefile size = 11406.04 MB (1986.66 MB after compression)
*1115064+893289                         3605.9011     3601.8709  5385918    0.11%
 1115712 881804     3605.4344   495     3605.9011     3601.8709  5388992    0.11%
 1116815 882746     3603.2863   473     3605.9011     3601.8710  5394449    0.11%
 1117603 883451     3604.3468   474     3605.9011     3601.8711  5398240    0.11%
 1118799 884497     3602.3877   478     3605.9011     3601.8712  5403876    0.11%
 1119601 885214     3605.5814   495     3605.9011     3601.8713  5407506    0.11%
 1120703 886174     3603.3533   461     3605.9011     3601.8714  5412870    0.11%
 1121924 887239     3604.2343   445     3605.9011     3601.8715  5418463    0.11%
 1122769 887973     3605.5124   478     3605.9011     3601.8716  5422459    0.11%
 1123682 888760     3603.2330   504     3605.9011     3601.8716  5426271    0.11%
 1124454 889448     3604.5556   509     3605.9011     3601.8718  5429943    0.11%
Elapsed time = 6804.30 sec. (3279210.12 ticks, tree = 13401.04 MB, solutions = 92)
Nodefile size = 11350.67 MB (1975.64 MB after compression)
 1125149 890050     3605.8694   453     3605.9011     3601.8718  5433497    0.11%
 1125832 890654     3605.1617   455     3605.9011     3601.8719  5436709    0.11%
 1126997 891662     3605.2773   415     3605.9011     3601.8720  5442370    0.11%
 1128158 892667     3603.0685   488     3605.9011     3601.8721  5447624    0.11%
 1128571 893025     3605.5807   512     3605.9011     3601.8721  5449550    0.11%
 1129147 893527     3605.3420   446     3605.9011     3601.8722  5452363    0.11%
 1130149 894403     3602.4148   511     3605.9011     3601.8723  5457179    0.11%
 1130907 895032     3605.1067   484     3605.9011     3601.8724  5460751    0.11%
 1132113 896076     3603.1534   499     3605.9011     3601.8725  5466582    0.11%
 1132648 896546     3602.7475   484     3605.9011     3601.8726  5469058    0.11%
Elapsed time = 6876.67 sec. (3323001.50 ticks, tree = 13511.13 MB, solutions = 92)
Nodefile size = 11460.85 MB (1996.07 MB after compression)
 1133775 897497     3605.5938   489     3605.9011     3601.8727  5474486    0.11%
 1134381 898015     3605.0780   452     3605.9011     3601.8728  5477407    0.11%
 1135266 898781     3603.3486   501     3605.9011     3601.8729  5481480    0.11%
 1136186 899584     3602.0609   505     3605.9011     3601.8730  5485546    0.11%
 1136656 900001     3605.8127   435     3605.9011     3601.8730  5487615    0.11%
*1137175+900440                         3605.8374     3601.8730  5490196    0.11%
*1137401+894856                         3605.7668     3601.8730  5491233    0.11%
*1137402+894857                         3605.7668     3601.8730  5491243    0.11%
 1137703 895113     3605.6488   381     3605.7668     3601.8730  5492719    0.11%
 1137949 888343     3602.2271   492     3605.7668     3601.8731  5493946    0.11%
 1138806 889074     3602.1157   507     3605.7668     3601.8732  5498160    0.11%
 1139563 889736     3602.3076   506     3605.7668     3601.8733  5501535    0.11%
 1140852 890838     3605.7045   511     3605.7668     3601.8734  5507275    0.11%
Elapsed time = 6956.32 sec. (3373858.70 ticks, tree = 13420.94 MB, solutions = 94)
Nodefile size = 11369.71 MB (1979.07 MB after compression)
 1141181 891116     3602.4255   499     3605.7668     3601.8734  5509006    0.11%
 1142459 892224     3605.3318   453     3605.7668     3601.8736  5515040    0.11%
 1143207 892858     3601.9519   512     3605.7668     3601.8736  5518459    0.11%
 1143566 893170     3603.7864   484     3605.7668     3601.8737  5520071    0.11%
 1144471 893941     3602.0170   510     3605.7668     3601.8738  5524242    0.11%
 1145792 895042     3605.4717   499     3605.7668     3601.8739  5530256    0.11%
 1146107 895324     3601.8905   520     3605.7668     3601.8739  5531683    0.11%
 1147156 896229     3604.9209   503     3605.7668     3601.8740  5536635    0.11%
 1147255 896314     3601.9427   501     3605.7668     3601.8740  5537109    0.11%
 1147980 896944     3605.4909   506     3605.7668     3601.8741  5540559    0.11%
Elapsed time = 7048.23 sec. (3444210.88 ticks, tree = 13516.23 MB, solutions = 94)
Nodefile size = 11465.07 MB (1996.66 MB after compression)
 1148647 897544     3603.4704   492     3605.7668     3601.8742  5543677    0.11%
 1149284 898080     3604.8282   468     3605.7668     3601.8742  5546761    0.11%
 1150044 898723     3602.8812   505     3605.7668     3601.8743  5550251    0.11%
 1151224 899740     3602.3286   518     3605.7668     3601.8745  5555532    0.11%
 1151555 900040     3603.6322   452     3605.7668     3601.8745  5557271    0.11%
 1152707 900996     3603.1081   469     3605.7668     3601.8746  5562849    0.11%
 1153912 902015     3603.5828   469     3605.7668     3601.8747  5568412    0.11%
 1154674 902670     3602.3839   505     3605.7668     3601.8748  5571865    0.11%
 1155992 903808     3605.5996   492     3605.7668     3601.8750  5577878    0.11%
 1157071 904760     3603.9735   465     3605.7668     3601.8751  5583016    0.11%
Elapsed time = 7146.84 sec. (3513829.82 ticks, tree = 13637.96 MB, solutions = 94)
Nodefile size = 11587.16 MB (2019.06 MB after compression)
 1157780 905345     3602.8009   503     3605.7668     3601.8752  5586251    0.11%
 1158096 905617     3605.6784   493     3605.7668     3601.8752  5587756    0.11%
 1158835 906276     3602.2379   511     3605.7668     3601.8752  5591318    0.11%
 1159383 906732     3602.3433   490     3605.7668     3601.8752  5593806    0.11%
 1159642 906957     3601.9093   521     3605.7668     3601.8753  5594994    0.11%
 1160939 908109     3603.4773   502     3605.7668     3601.8754  5600685    0.11%

Mixed integer rounding cuts applied:  2323
Gomory fractional cuts applied:  186

Root node processing (before b&c):
  Real time             =   11.80 sec. (6911.01 ticks)
Parallel b&c, 4 threads:
  Real time             = 7192.44 sec. (3546752.75 ticks)
  Sync time (average)   =  345.06 sec.
  Wait time (average)   =    0.02 sec.
                          ------------
Total (root+branch&cut) = 7204.24 sec. (3553663.76 ticks)
=============================================
solution status: Feasible
