Reading data from files...
All data loaded. Constructing model...
Decision variables constructed.
Objective function added to model.
Constraints added to model.
Model written in file tree_model.lp.
Found incumbent of value 1.1743758e+07 after 0.02 sec. (8.57 ticks)
Tried aggregator 1 time.
MIP Presolve eliminated 18 rows and 22 columns.
MIP Presolve modified 265 coefficients.
Reduced MIP has 81981 rows, 88539 columns, and 675711 nonzeros.
Reduced MIP has 3280 binaries, 16400 generals, 0 SOSs, and 0 indicators.
Presolve time = 2.86 sec. (2039.83 ticks)
Probing fixed 0 vars, tightened 1620 bounds.
Probing time = 5.05 sec. (673.31 ticks)
Tried aggregator 1 time.
Reduced MIP has 81981 rows, 88539 columns, and 675711 nonzeros.
Reduced MIP has 3280 binaries, 16400 generals, 0 SOSs, and 0 indicators.
Presolve time = 2.80 sec. (2010.09 ticks)
Probing time = 0.60 sec. (45.01 ticks)
Clique table members: 2187.
MIP emphasis: balance optimality and feasibility.
MIP search method: dynamic search.
Parallel mode: deterministic, using up to 4 threads.
Root relaxation solution time = 2.15 sec. (1576.31 ticks)

        Nodes                                         Cuts/
   Node  Left     Objective  IInf  Best Integer    Best Bound    ItCnt     Gap

*     0+    0                       1.17438e+07        0.0000    53779  100.00%
*     0+    0                      8057036.8413        0.0000    53779  100.00%
*     0+    0                      8051088.8322        0.0000    53779  100.00%
      0     0     4711.3698  5901  8051088.8322     4711.3698    53779   99.94%
*     0+    0                        10893.5144     4711.3698    57184   56.75%
      0     0     4731.3248  5604    10893.5144    Cuts: 4895    57184   56.57%
      0     0     4750.4869  6390    10893.5144    Cuts: 2903    59945   56.39%
*     0+    0                        10878.8714     4750.4869    62575   56.33%
      0     0     4758.6613  5942    10878.8714 MIRcuts: 2330    62575   56.26%
      0     0     4764.6687  5894    10878.8714 MIRcuts: 1930    64440   56.20%
      0     0     4769.3859  4533    10878.8714    Cuts: 1606    65839   56.16%
      0     0     4772.7043  5151    10878.8714 MIRcuts: 1646    67299   56.13%
      0     0     4775.2458  5081    10878.8714 MIRcuts: 1120    68430   56.11%
      0     0     4777.0610  5249    10878.8714  MIRcuts: 764    69364   56.09%
      0     0     4777.8689  5552    10878.8714  MIRcuts: 573    70045   56.08%
*     0+    0                         6740.7945     4777.8689    70552   29.12%
      0     0     4778.7897  5480     6740.7945  MIRcuts: 444    70552   29.11%
      0     0     4779.1535  5384     6740.7945  MIRcuts: 273    70881   29.10%
*     0+    0                         6479.9539     4779.1535    71133   26.25%
      0     0     4779.3786  5365     6479.9539  MIRcuts: 189    71133   26.24%
*     0+    0                         6225.7279     4779.3786    71290   23.23%
      0     0     4779.4802  5379     6225.7279  MIRcuts: 114    71290   23.23%
      0     0     4779.6149  5358     6225.7279   MIRcuts: 57    71387   23.23%
      0     0     4779.6530  5333     6225.7279   MIRcuts: 13    71406   23.23%
      0     0     4779.6585  5330     6225.7279    MIRcuts: 3    71412   23.23%
      0     2     4779.6585  5330     6225.7279     4779.6585    71412   23.23%
Elapsed time = 63.08 sec. (37754.38 ticks, tree = 0.01 MB, solutions = 8)
      4     6     4780.5499  5282     6225.7279     4779.8328    71459   23.22%
     11    13     4779.9201  5345     6225.7279     4779.8358    71599   23.22%
     23    25     4780.8696  5355     6225.7279     4779.9300    72062   23.22%
     62    64     4780.6931  5000     6225.7279     4779.9343    72394   23.22%
     96    98     4780.8173  4831     6225.7279     4779.9343    72826   23.22%
    118   120     4781.0981  4776     6225.7279     4779.9343    73301   23.22%
    144   146     4782.1645  4653     6225.7279     4779.9343    73866   23.22%
    172   174     4782.0628  4664     6225.7279     4779.9343    74393   23.22%
    197   199     4782.4570  4635     6225.7279     4779.9343    74728   23.22%
    200   202     4781.5115  4710     6225.7279     4779.9343    74789   23.22%
Elapsed time = 73.31 sec. (42492.66 ticks, tree = 8.06 MB, solutions = 8)
    287   289     4782.6377  4627     6225.7279     4779.9343    75737   23.22%
    395   397     4783.7379  4198     6225.7279     4779.9343    76681   23.22%
    481   483     4783.8724  4334     6225.7279     4779.9343    77686   23.22%
    608   610     4784.6574  4231     6225.7279     4779.9343    78252   23.22%
*   695+  695                         6004.1150     4779.9343    78544   20.39%
    695   697     4784.9661  4203     6004.1150     4779.9343    78544   20.39%
    843   845     4784.8616  4149     6004.1150     4779.9343    79030   20.39%
    957   959     4785.1112  4140     6004.1150     4779.9343    79355   20.39%
   1061  1063     4784.9759  4078     6004.1150     4779.9343    79626   20.39%
   1163  1165     4785.0268  4062     6004.1150     4779.9343    80068   20.39%
*  1207+  805                         4917.4681     4847.6865   154133    1.42%
*  1207+  536                         4903.3931     4848.8867   156345    1.11%
   1207   537     4848.8867  2019     4903.3931     4848.8867   156345    1.11%
Elapsed time = 379.98 sec. (243430.50 ticks, tree = 20.08 MB, solutions = 11)
*  1211+  360                         4898.1603     4849.0206   156528    1.00%
   1211   362     4849.7466  1998     4898.1603     4849.0206   156528    1.00%
   1212   363     4849.6979  2024     4898.1603     4849.0206   156530    1.00%
   1272   394     4849.9679  2067     4898.1603     4849.0401   157206    1.00%
   1338   434     4850.1077  2155     4898.1603     4849.0401   158023    1.00%
   1416   479     4850.5618  2084     4898.1603     4849.0401   158882    1.00%
   1468   511     4850.8264  2156     4898.1603     4849.0401   159348    1.00%
   1539   548     4851.0151  2246     4898.1603     4849.0401   160490    1.00%
*  1582+  503                         4895.0791     4849.0401   160803    0.94%
   1582   504     4850.8694  2233     4895.0791     4849.0401   160803    0.94%
   1683   566     4851.5947  2290     4895.0791     4849.0401   162041    0.94%
   1758   613     4851.0514  2242     4895.0791     4849.0401   162743    0.94%
Elapsed time = 412.27 sec. (255618.29 ticks, tree = 19.19 MB, solutions = 14)
*  1832+  645                         4894.0213     4849.0401   163299    0.92%
   1832   647     4851.5688  2179     4894.0213     4849.0401   163299    0.92%
   1969   764     4852.0163  2190     4894.0213     4849.0401   164212    0.92%
   1991   786     4852.6320  2240     4894.0213     4849.0401   164780    0.92%
   2100   895     4852.7359  2217     4894.0213     4849.0401   166697    0.92%
*  2152+  945                         4892.8171     4849.0401   167134    0.89%
   2152   947     4851.8987  2086     4892.8171     4849.0401   167134    0.89%
*  2235+ 1028                         4892.7005     4849.0401   168119    0.89%
   2235  1030     4851.9548  2060     4892.7005     4849.0401   168119    0.89%
   2306  1101     4853.4822  2131     4892.7005     4849.0401   168861    0.89%
   2393  1188     4852.8999  2060     4892.7005     4849.0401   169729    0.89%
   2534  1329     4855.5463  2034     4892.7005     4849.0401   171200    0.89%
   2634  1429     4855.6460  1999     4892.7005     4849.0401   171853    0.89%
Elapsed time = 449.30 sec. (267733.38 ticks, tree = 43.97 MB, solutions = 17)
*  2706+ 1499                         4891.6777     4849.0401   172598    0.87%
   2706  1501     4853.2212  1975     4891.6777     4849.0401   172598    0.87%
   2838  1633     4856.4199  1869     4891.6777     4849.0401   173943    0.87%
   2935  1730     4853.8611  1907     4891.6777     4849.0401   174830    0.87%
*  3008+ 1801                         4891.5009     4849.0401   175969    0.87%
   3008  1803     4853.9713  1825     4891.5009     4849.0401   175969    0.87%
*  3041+ 1834                         4889.9095     4849.0401   176405    0.84%
   3125  1920     4854.2889  1792     4889.9095     4849.0401   177361    0.84%
*  3165+ 1958                         4888.5909     4849.0401   178073    0.81%
   3165  1960     4854.7122  1730     4888.5909     4849.0401   178073    0.81%
*  3252+ 2045                         4888.5457     4849.0401   179389    0.81%
   3252  2047     4856.5752  1693     4888.5457     4849.0401   179389    0.81%
*  3287+ 2080                         4888.3976     4849.0401   180043    0.81%
   3314  2109     4857.1467  1622     4888.3976     4849.0401   180456    0.81%
*  3379+ 2172                         4888.2833     4849.0401   181373    0.80%
   3379  2174     4855.0663  1678     4888.2833     4849.0401   181373    0.80%
   3519  2314     4855.1595  1612     4888.2833     4849.0401   183057    0.80%
Elapsed time = 488.10 sec. (280409.63 ticks, tree = 111.47 MB, solutions = 25)
   3610  2405     4858.2956  1531     4888.2833     4849.0401   184404    0.80%
   3658  2453     4858.3388  1510     4888.2833     4849.0401   186245    0.80%
   3786  2581     4855.6573  1591     4888.2833     4849.0401   188128    0.80%
   3862  2657     4855.9010  1590     4888.2833     4849.0401   189867    0.80%
   3971  2766     4858.8649  1416     4888.2833     4849.0401   191316    0.80%
   4066  2861     4877.0700  1091     4888.2833     4849.0401   193436    0.80%
   4138  2933     4876.9644  1352     4888.2833     4849.0401   196073    0.80%
   4224  3016     4857.4133  1460     4888.2833     4849.0401   197484    0.80%
   4300  3092     4857.4796  1346     4888.2833     4849.0401   198268    0.80%
   4396  3187     4857.5717  1271     4888.2833     4849.0401   200394    0.80%
Elapsed time = 526.23 sec. (293186.37 ticks, tree = 142.09 MB, solutions = 25)
   4496  3286     4857.8851  1165     4888.2833     4849.0401   201816    0.80%
   4587  3377     4868.2494  1433     4888.2833     4849.0401   203550    0.80%
   4664  3454     4858.2506  1145     4888.2833     4849.0401   204546    0.80%
   4732  3522     4859.6919  1131     4888.2833     4849.0401   205198    0.80%
   4800  3590     4860.0841  1102     4888.2833     4849.0401   206370    0.80%
   4911  3701     4867.9560  1197     4888.2833     4849.0401   210243    0.80%
   4984  3774     4860.2360  1073     4888.2833     4849.0401   212570    0.80%
   5063  3853     4868.3911  1311     4888.2833     4849.0401   214209    0.80%
   5115  3905     4860.4567  1105     4888.2833     4849.0401   215207    0.80%
   5317  4107     4868.5512   860     4888.2833     4849.0401   218134    0.80%
Elapsed time = 564.18 sec. (305109.63 ticks, tree = 287.10 MB, solutions = 25)
   5379  4169     4874.1134  1184     4888.2833     4849.0401   219125    0.80%
   5471  4261     4877.4579  1170     4888.2833     4849.0401   219668    0.80%
   5560  4350     4866.3751  1125     4888.2833     4849.0401   220633    0.80%
   5636  4426     4866.5307  1109     4888.2833     4849.0401   221344    0.80%
   5650  4440     4872.1448  1156     4888.2833     4849.0401   221579    0.80%
   5739  4529     4876.0248  1149     4888.2833     4849.0401   222384    0.80%
   5881  4671     4867.3790  1026     4888.2833     4849.0401   223317    0.80%
   5936  4726     4876.7111  1097     4888.2833     4849.0401   223593    0.80%
   6032  4822     4879.3471  1076     4888.2833     4849.0401   224375    0.80%
   6120  4910     4880.2775  1081     4888.2833     4849.0401   225052    0.80%
Elapsed time = 597.27 sec. (315564.75 ticks, tree = 885.11 MB, solutions = 25)
   6229  5018     4868.1345   872     4888.2833     4849.0401   226133    0.80%
   6292  5081     4880.6315  1069     4888.2833     4849.0401   226616    0.80%
   6370  5159     4876.1535  1065     4888.2833     4849.0401   227859    0.80%
   6462  5251     4875.9607   699     4888.2833     4849.0401   229203    0.80%
   6545  5333     4881.5121  1021     4888.2833     4849.0401   230087    0.80%
   6651  5439     4876.1309   692     4888.2833     4849.0401   232069    0.80%
   6749  5537     4882.2643   959     4888.2833     4849.0401   233126    0.80%
   6808  5596     4878.4524  1014     4888.2833     4849.0401   234283    0.80%
   6888  5675     4879.2145   867     4888.2833     4849.0401   235035    0.80%
   7005  5792     4883.9253   864     4888.2833     4849.0401   235732    0.80%
Elapsed time = 630.09 sec. (326259.26 ticks, tree = 1553.39 MB, solutions = 25)
   7097  5884     4879.6693   858     4888.2833     4849.0401   236679    0.80%
   7193  5977     4886.8037   761     4888.2833     4849.0401   237548    0.80%
   7293  6075     4887.1547   741     4888.2833     4849.0401   238459    0.80%
   7409  6191     4886.3501   824     4888.2833     4849.0401   239452    0.80%
   7470  6248     4879.4072   630     4888.2833     4849.0401   240013    0.80%
   7570  6347     4879.5831   626     4888.2833     4849.0401   240969    0.80%
   7647  6415     4878.6759   498     4888.2833     4849.0401   241969    0.80%
   7688  6456     4849.4722  2020     4888.2833     4849.0401   242194    0.80%
   7811  6576     4849.5430  1994     4888.2833     4849.0401   243349    0.80%
   8082  6824     4881.2243   423     4888.2833     4849.0401   245854    0.80%
Elapsed time = 671.40 sec. (339239.82 ticks, tree = 2297.11 MB, solutions = 25)
Nodefile size = 163.27 MB (86.54 MB after compression)
   8305  7047     4882.7850   389     4888.2833     4849.0401   247381    0.80%
   8707  7442     4853.1610  1725     4888.2833     4849.0401   251000    0.80%
   8905  7634     4851.4071  2009     4888.2833     4849.4187   252391    0.80%
   9178  7904     4887.8721   318     4888.2833     4849.4187   254653    0.80%
   9318  8039     4851.4807  1955     4888.2833     4849.4187   255718    0.80%
   9707  8428     4866.9504  1933     4888.2833     4849.4187   259408    0.80%
  10009  8730     4855.4840  2010     4888.2833     4849.4187   262206    0.80%
  10243  8964     4855.9809  2050     4888.2833     4849.4187   264085    0.80%
  10409  9130     4863.9297  1778     4888.2833     4849.4187   266809    0.80%
  10640  9361     4856.9954  1853     4888.2833     4849.4187   270194    0.80%
Elapsed time = 794.40 sec. (378801.53 ticks, tree = 4630.72 MB, solutions = 25)
Nodefile size = 2499.52 MB (1429.97 MB after compression)
  10815  9536     4864.7506  1683     4888.2833     4849.4187   273501    0.80%
  11183  9904     4859.5883  2014     4888.2833     4849.4187   277429    0.80%
  11466 10187     4859.0336  2001     4888.2833     4849.4187   279895    0.80%
  11805 10526     4859.4709  1841     4888.2833     4849.4187   282065    0.80%
  12058 10779     4861.8012  1499     4888.2833     4849.4187   283889    0.80%
  12380 11101     4860.9451  1759     4888.2833     4849.4187   286281    0.80%
  12697 11418     4865.9994  1361     4888.2833     4849.4187   288681    0.80%
  13089 11810     4865.7343  1465     4888.2833     4849.4187   291582    0.80%
  13377 12098     4866.4065  1284     4888.2833     4849.4187   293985    0.80%
  13790 12506     4867.5190  1146     4888.2833     4849.4187   297806    0.80%
Elapsed time = 1001.78 sec. (422370.29 ticks, tree = 7634.45 MB, solutions = 25)
Nodefile size = 5194.43 MB (3100.39 MB after compression)
  14095 12811     4879.6171   956     4888.2833     4849.4187   300367    0.80%
  14529 13240     4873.4135   797     4888.2833     4849.4187   304154    0.80%
  14861 13558     4874.3369   677     4888.2833     4849.4187   306280    0.80%
  15262 13942     4876.5812   958     4888.2833     4849.4187   310128    0.80%
  15575 14238     4849.4190  2026     4888.2833     4849.4187   313248    0.80%
  15988 14649     4880.3019   452     4888.2833     4849.4280   318215    0.79%
  16266 14909     4854.1457  2052     4888.2833     4849.4280   320995    0.79%
  16675 15318     4849.7549  2301     4888.2833     4849.4345   324323    0.79%
  16926 15569     4854.1830  1960     4888.2833     4849.4345   326691    0.79%
  17382 16025     4851.6122  1868     4888.2833     4849.4442   331376    0.79%
Elapsed time = 1306.64 sec. (465195.52 ticks, tree = 11251.72 MB, solutions = 25)
Nodefile size = 7641.16 MB (4628.99 MB after compression)
  17726 16369     4854.7636  1942     4888.2833     4849.4442   334347    0.79%
  18271 16912     4855.4160  2025     4888.2833     4849.4529   339585    0.79%
  18778 17419     4849.8392  2033     4888.2833     4849.4529   343776    0.79%
  19317 17958     4849.9997  2080     4888.2833     4849.4615   347814    0.79%
  19680 18321     4849.8772  1977     4888.2833     4849.4615   352586    0.79%
  20119 18760     4850.1436  2097     4888.2833     4849.4631   357888    0.79%
  20242 18883     4860.3941  2168     4888.2833     4849.4631   360404    0.79%
  20672 19313     4853.1017  1947     4888.2833     4849.4633   367608    0.79%
  20910 19551     4852.9362  1964     4888.2833     4849.4633   371507    0.79%
  21263 19904     4853.5979  1991     4888.2833     4849.4651   375814    0.79%
Elapsed time = 1778.78 sec. (506709.60 ticks, tree = 12526.08 MB, solutions = 25)
Nodefile size = 9846.78 MB (5986.57 MB after compression)
  21442 20083     4849.8734  1949     4888.2833     4849.4651   378337    0.79%
  21918 20559     4855.1000  2047     4888.2833     4849.4665   384123    0.79%
  22161 20802     4850.8947  2808     4888.2833     4849.4665   386969    0.79%
  22784 21425     4852.8195  2213     4888.2833     4849.4689   394547    0.79%
  23414 22055     4849.5473  1952     4888.2833     4849.4727   401313    0.79%
  23820 22461     4850.8780  1939     4888.2833     4849.4727   407032    0.79%
  24124 22765     4851.3083  2938     4888.2833     4849.4743   411682    0.79%
  24693 23334     4853.3642  2016     4888.2833     4849.4748   422164    0.79%
* 25007+23646                         4878.0352     4849.4748   429132    0.59%
* 25007+23646                         4860.2383     4849.4748   429132    0.22%
* 25007+23646                         4859.9871     4849.4748   429132    0.22%
* 25007+23646                         4858.8778     4849.4748   429132    0.19%
* 25007+23646                         4858.8069     4849.4748   429132    0.19%
* 25007+23646                         4858.7025     4849.4748   429132    0.19%
* 25007+23646                         4858.5815     4849.4748   429132    0.19%
* 25007+23646                         4858.2438     4849.4748   429132    0.18%
* 25007+23646                         4857.9854     4849.4748   429132    0.18%
* 25007+23646                         4857.7960     4849.4748   429132    0.17%
* 25007+23646                         4857.4479     4849.4748   429132    0.16%
