Reading data from files...
All data loaded. Constructing model...
Decision variables constructed.
Objective function added to model.
Constraints added to model.
Model written in file tree_model.lp.
Found incumbent of value 1.3312225e+07 after 0.06 sec. (27.36 ticks)
Presolve has eliminated 18 rows and 22 columns...
Presolve has improved bounds 265686 times...
Tried aggregator 1 time.
MIP Presolve eliminated 18 rows and 22 columns.
MIP Presolve modified 259 coefficients.
Reduced MIP has 246006 rows, 265686 columns, and 2243790 nonzeros.
Reduced MIP has 9841 binaries, 49205 generals, 0 SOSs, and 0 indicators.
Presolve time = 27.95 sec. (15677.60 ticks)
Probing fixed 0 vars, tightened 270 bounds.
Probing time = 21.24 sec. (2732.77 ticks)
Presolve has eliminated 0 rows and 0 columns...
Tried aggregator 1 time.
Reduced MIP has 246006 rows, 265686 columns, and 2243790 nonzeros.
Reduced MIP has 9841 binaries, 49205 generals, 0 SOSs, and 0 indicators.
Presolve time = 29.38 sec. (15226.65 ticks)
Probing time = 2.93 sec. (129.47 ticks)
Clique table members: 6561.
MIP emphasis: balance optimality and feasibility.
MIP search method: dynamic search.
Parallel mode: deterministic, using up to 4 threads.
Root relaxation solution time = 10.35 sec. (6552.58 ticks)

        Nodes                                         Cuts/
   Node  Left     Objective  IInf  Best Integer    Best Bound    ItCnt     Gap

*     0+    0                       1.33122e+07        0.0000   155718  100.00%
      0     0     4925.8267 11522   1.33122e+07     4925.8267   155718   99.96%
*     0+    0                        25102.8221     4925.8267   155718   80.38%
      0     0     4977.0638 13155    25102.8221    Cuts: 5784   163155   80.17%
      0     0     4996.9678 14045    25102.8221    Cuts: 4927   167614   80.09%
      0     0     5003.6699 12663    25102.8221    Cuts: 2717   171232   80.07%
*     0+    0                        14398.1879     5003.6699   174264   65.25%
      0     0     5005.9564 13658    14398.1879 MIRcuts: 2669   174264   65.23%
      0     0     5006.8136 13992    14398.1879 MIRcuts: 1930   177162   65.23%
      0     0     5007.1470 13591    14398.1879 MIRcuts: 1100   179781   65.22%
      0     0     5007.3007 13600    14398.1879  MIRcuts: 705   181201   65.22%
*     0+    0                         8472.4438     5007.3007   182437   40.90%
      0     0     5007.5272 12913     8472.4438  MIRcuts: 621   182437   40.90%
      0     0     5007.6194 13040     8472.4438  MIRcuts: 446   183040   40.90%
Heuristic still looking.
      0     2     5007.6194 13040     8472.4438     5007.6194   183040   40.90%
Elapsed time = 253.56 sec. (127512.60 ticks, tree = 0.01 MB, solutions = 4)
      3     5     5007.6216 12924     8472.4438     5007.6202   183130   40.90%
      4     6     5007.6238 12936     8472.4438     5007.6202   183204   40.90%
      8    10     5007.6417 12843     8472.4438     5007.6228   183416   40.90%
     10    12     5007.7635 12842     8472.4438     5007.6228   183941   40.90%
     12    14     5007.7555 12834     8472.4438     5007.6228   184477   40.90%
     13    15     5008.1079 12693     8472.4438     5007.6228   184776   40.90%
     27    29     5008.2177 12665     8472.4438     5007.6228   185363   40.90%
     39    41     5008.6241 12510     8472.4438     5007.6228   186140   40.90%
     47    49     5009.0354 12467     8472.4438     5007.6228   186529   40.90%
     79    81     5009.1147 12379     8472.4438     5007.6228   187685   40.90%
Elapsed time = 267.30 sec. (132343.02 ticks, tree = 1.79 MB, solutions = 4)
    106   108     5010.1471 12163     8472.4438     5007.6228   189841   40.90%
    149   151     5010.6252 11922     8472.4438     5007.6228   191025   40.90%
    207   209     5010.3561 11980     8472.4438     5007.6228   191763   40.90%
    250   252     5010.5453 11936     8472.4438     5007.6228   192438   40.90%
    287   289     5010.6641 11943     8472.4438     5007.6228   193064   40.90%
    324   326     5011.0942 11877     8472.4438     5007.6228   193497   40.90%
    355   357     5011.3626 11911     8472.4438     5007.6228   194246   40.90%
    357   359     5011.1631 11840     8472.4438     5007.6228   194251   40.90%
    399   401     5012.0151 11688     8472.4438     5007.6228   194955   40.90%
    448   450     5012.2567 11628     8472.4438     5007.6228   196155   40.90%
Elapsed time = 308.88 sec. (146254.18 ticks, tree = 32.71 MB, solutions = 4)
    496   498     5012.4750 11595     8472.4438     5007.6228   196627   40.90%
    559   561     5012.7321 11533     8472.4438     5007.6228   197053   40.90%
    627   629     5011.9858 11419     8472.4438     5007.6228   197399   40.90%
    667   669     5012.2712 11415     8472.4438     5007.6228   197667   40.90%
    692   694     5012.2443 11404     8472.4438     5007.6228   198384   40.90%
    738   740     5012.5233 11451     8472.4438     5007.6228   198794   40.90%
    793   795     5012.8015 11222     8472.4438     5007.6228   200199   40.90%
    849   851     5012.8560 11172     8472.4438     5007.6228   200853   40.90%
    881   883     5012.8719 11157     8472.4438     5007.6228   201994   40.90%
    931   933     5013.1388 11827     8472.4438     5007.6228   202595   40.90%
Elapsed time = 347.39 sec. (156831.59 ticks, tree = 72.33 MB, solutions = 4)
    987   989     5013.2344 11660     8472.4438     5007.6228   203346   40.90%
    999  1001     5015.3805 11639     8472.4438     5007.6228   204381   40.90%
   1041  1043     5013.6597 11769     8472.4438     5007.6228   208969   40.90%
   1053  1055     5036.4908 11112     8472.4438     5007.6228   214445   40.90%
   1098  1100     5038.6293 11111     8472.4438     5007.6228   218345   40.90%
   1119  1121     5073.9539 10913     8472.4438     5007.6228   220831   40.90%
   1143  1145     5074.9771 10885     8472.4438     5007.6228   224129   40.90%
   1158  1160     5057.3457 10985     8472.4438     5007.6228   226191   40.90%
   1162  1164     5202.3745 19559     8472.4438     5202.3745   495795   38.60%
   1163  1165     5202.3845 20177     8472.4438     5202.3745   496564   38.60%
Elapsed time = 4173.80 sec. (1887699.40 ticks, tree = 109.55 MB, solutions = 4)
   1165  1165     5211.3564 19340     8472.4438     5202.4416   497595   38.60%
   1169  1167     5211.7055 19171     8472.4438     5202.4992   497774   38.60%
   1181  1175     5210.1719 19897     8472.4438     5202.5028   500079   38.60%
   1196  1181     5202.5091 20497     8472.4438     5202.5061   503193   38.59%
   1211  1190     5221.3396 19081     8472.4438     5202.5061   507498   38.59%
   1217  1193     5211.8890 19462     8472.4438     5202.5200   508081   38.59%
   1224  1197     5203.0383 20320     8472.4438     5202.5200   509597   38.59%
   1233  1201     5203.0394 20579     8472.4438     5202.5503   511972   38.59%
   1237  1205     5203.6700 20586     8472.4438     5202.5503   513103   38.59%
   1242  1208     5213.0497 19589     8472.4438     5202.5503   515317   38.59%
Elapsed time = 4217.85 sec. (1906795.50 ticks, tree = 117.27 MB, solutions = 4)
   1260  1216     5238.0243 19652     8472.4438     5202.5503   522253   38.59%
   1276  1227     5205.8183 20187     8472.4438     5202.5503   528001   38.59%
   1300  1242     5203.3189 20343     8472.4438     5202.5503   535367   38.59%
   1315  1254     5214.1658 19108     8472.4438     5202.5503   535979   38.59%
   1327  1258     5225.1689 18544     8472.4438     5202.5503   536647   38.59%
   1335  1264     5212.8732 19113     8472.4438     5202.5503   537456   38.59%
   1420  1306     5211.8992 19096     8472.4438     5202.5503   538806   38.59%
   1444  1317     5211.7470 19076     8472.4438     5202.5503   539396   38.59%
   1449  1320     5203.7505 20045     8472.4438     5202.5503   541647   38.59%
   1451  1320     5213.5799 18853     8472.4438     5202.5503   541694   38.59%
Elapsed time = 4272.28 sec. (1927063.88 ticks, tree = 439.28 MB, solutions = 4)
   1474  1330     5215.4056 19805     8472.4438     5202.5503   543245   38.59%
   1481  1334     5211.8473 19068     8472.4438     5202.5503   545262   38.59%
   1496  1343     5213.7053 18505     8472.4438     5202.5503   546232   38.59%
   1513  1352     5211.8858 19048     8472.4438     5202.5503   546982   38.59%
   1533  1368     5211.9008 19050     8472.4438     5202.5503   547689   38.59%
   1568  1391     5224.9728 19173     8472.4438     5202.5503   549239   38.59%
   1577  1397     5214.1992 18209     8472.4438     5202.5503   549568   38.59%
   1670  1458     5212.3117 19249     8472.4438     5202.5503   551130   38.59%
   1686  1466     5212.3238 19071     8472.4438     5202.5503   551368   38.59%
   1698  1473     5212.3494 19115     8472.4438     5202.5503   551669   38.59%
Elapsed time = 4325.29 sec. (1947884.11 ticks, tree = 1131.26 MB, solutions = 4)
   1730  1490     5212.6258 19039     8472.4438     5202.5503   551840   38.59%
   1830  1549     5215.4538 18151     8472.4438     5202.5503   552479   38.59%
   1845  1560     5215.7087 18950     8472.4438     5202.5503   552713   38.59%
   1865  1574     5215.7616 18929     8472.4438     5202.5503   552888   38.59%
   1918  1603     5215.9979 18074     8472.4438     5202.5503   553244   38.59%
   1970  1637     5216.1358 18031     8472.4438     5202.5503   553467   38.59%
   2013  1661     5207.2461 18413     8472.4438     5202.5503   553781   38.59%
   2029  1669     5207.2863 18403     8472.4438     5202.5503   553923   38.59%
   2049  1677     5207.3152 18408     8472.4438     5202.5503   554039   38.59%
   2077  1695     5207.3275 18420     8472.4438     5202.5503   554206   38.59%
Elapsed time = 4359.95 sec. (1959427.31 ticks, tree = 2175.88 MB, solutions = 4)
   2117  1712     5207.3689 18417     8472.4438     5202.5503   554372   38.59%
   2162  1739     5207.3985 18412     8472.4438     5202.5503   555530   38.59%
   2168  1743     5216.6147 18622     8472.4438     5202.5503   556254   38.59%
   2174  1746     5207.3993 18406     8472.4438     5202.5503   556515   38.59%
   2185  1751     5214.7478 18463     8472.4438     5202.5503   556705   38.59%
   2209  1766     5216.6181 18683     8472.4438     5202.5503   556904   38.59%
   2213  1768     5216.6123 18711     8472.4438     5202.5503   556962   38.59%
   2227  1777     5214.7950 18436     8472.4438     5202.5503   557233   38.59%
   2235  1781     5214.8007 18433     8472.4438     5202.5503   557381   38.59%
   2263  1795     5214.8274 18411     8472.4438     5202.5503   557519   38.59%
Elapsed time = 4435.60 sec. (1981739.32 ticks, tree = 2779.58 MB, solutions = 4)
Nodefile size = 411.72 MB (265.28 MB after compression)
   2355  1843     5207.9435 18371     8472.4438     5202.5503   557866   38.59%
   2393  1867     5217.5120 17774     8472.4438     5202.5503   558142   38.59%
   2424  1888     5217.0595 18679     8472.4438     5202.5503   558335   38.59%
   2454  1905     5215.1810 18383     8472.4438     5202.5503   558613   38.59%
   2471  1916     5208.2560 19124     8472.4438     5202.5503   559022   38.59%
   2487  1925     5208.3023 19094     8472.4438     5202.5503   559201   38.59%
   2541  1947     5208.3097 19097     8472.4438     5202.5503   559721   38.59%
   2542  1948     5228.8417 17801     8472.4438     5202.5503   560350   38.59%
   2560  1958     5215.5314 18357     8472.4438     5202.5503   560608   38.59%
   2656  2015     5215.6930 18359     8472.4438     5202.5503   561562   38.59%
Elapsed time = 4493.74 sec. (1997825.03 ticks, tree = 3809.91 MB, solutions = 4)
Nodefile size = 1465.35 MB (954.52 MB after compression)
   2732  2053     5215.7599 18324     8472.4438     5202.5503   562170   38.59%
   2805  2088     5209.1453 19085     8472.4438     5202.5503   562732   38.59%
   2847  2114     5229.9234 17775     8472.4438     5202.5503   562917   38.59%
   2963  2181     5209.6552 19074     8472.4438     5202.5503   563929   38.59%
   3093  2252     5217.1585 18290     8472.4438     5202.5503   565327   38.59%
   3151  2281     5218.3016 17937     8472.4438     5202.5503   565842   38.59%
   3179  2294     5232.3315 18408     8472.4438     5202.5503   567590   38.59%
   3353  2394     5218.3778 18585     8472.4438     5202.5503   568638   38.59%
   3441  2441     5218.5776 18550     8472.4438     5202.5503   569362   38.59%
   3546  2503     5212.8958 18882     8472.4438     5202.5503   570018   38.59%
Elapsed time = 4784.90 sec. (2071560.34 ticks, tree = 6735.54 MB, solutions = 4)
Nodefile size = 4461.63 MB (2920.48 MB after compression)
   3581  2523     5219.0848 18527     8472.4438     5202.5503   570803   38.59%
   3625  2545     5219.1151 18519     8472.4438     5202.5503   571328   38.59%
   3756  2624     5219.1598 18544     8472.4438     5202.5503   573253   38.59%
   3796  2646     5219.2697 18534     8472.4438     5202.5503   573826   38.59%
   3952  2792     5219.5459 18522     8472.4438     5202.5503   576256   38.59%
   3981  2821     5327.0586 16459     8472.4438     5202.5503   584734   38.59%
   4180  3020     5219.8402 17724     8472.4438     5202.5503   588115   38.59%
   4192  3032     5219.9294 17724     8472.4438     5202.5503   588221   38.59%
   4367  3207     5220.0479 17716     8472.4438     5202.5503   589627   38.59%
   4403  3243     5220.4247 17702     8472.4438     5202.5503   590490   38.59%
Elapsed time = 5060.59 sec. (2169248.92 ticks, tree = 7354.52 MB, solutions = 4)
Nodefile size = 4740.10 MB (3095.64 MB after compression)
   4487  3327     5221.0973 17658     8472.4438     5202.5503   591327   38.59%
   4638  3478     5221.5724 17630     8472.4438     5202.5503   592765   38.59%
   4718  3558     5222.1796 17588     8472.4438     5202.5503   593649   38.59%
   4754  3594     5222.3170 17580     8472.4438     5202.5503   594474   38.59%
   4899  3739     5216.3560 17256     8472.4438     5202.5503   595942   38.59%
   4970  3810     5222.4669 17588     8472.4438     5202.5503   596790   38.59%
   5030  3870     5222.7527 17477     8472.4438     5202.5503   597768   38.59%
   5074  3914     5222.7498 17530     8472.4438     5202.5503   598535   38.59%
   5237  4077     5222.8258 17474     8472.4438     5202.5503   600577   38.59%
   5269  4109     5222.9020 17446     8472.4438     5202.5503   601187   38.59%
Elapsed time = 5526.23 sec. (2210939.82 ticks, tree = 8986.04 MB, solutions = 4)
Nodefile size = 6087.43 MB (3939.37 MB after compression)
   5333  4173     5223.1182 17413     8472.4438     5202.5503   602178   38.59%
   5587  4427     5223.1922 17390     8472.4438     5202.5503   604318   38.59%
   5635  4475     5223.4151 17343     8472.4438     5202.5503   605175   38.59%
   5679  4519     5223.6386 17327     8472.4438     5202.5503   605864   38.59%
   5767  4607     5223.6782 17245     8472.4438     5202.5503   607219   38.59%
   5975  4815     5223.8791 17193     8472.4438     5202.5503   609993   38.59%
   6067  4907     5224.0099 17199     8472.4438     5202.5503   610913   38.59%
   6131  4971     5224.1405 17165     8472.4438     5202.5503   612075   38.59%
   6203  5043     5224.3110 17161     8472.4438     5202.5503   612856   38.59%
   6378  5218     5242.5996 16636     8472.4438     5202.5503   615259   38.59%
Elapsed time = 5684.71 sec. (2251469.88 ticks, tree = 8865.50 MB, solutions = 4)
Nodefile size = 6438.59 MB (4099.69 MB after compression)
   6444  5284     5224.5235 17334     8472.4438     5202.5503   617742   38.59%
   6520  5360     5224.6158 17254     8472.4438     5202.5503   622145   38.59%
   6604  5444     5224.7909 17217     8472.4438     5202.5503   623340   38.59%
   6664  5504     5224.8847 17212     8472.4438     5202.5503   628979   38.59%
   6837  5677     5224.9894 17172     8472.4438     5202.5503   631646   38.59%
   6913  5753     5225.1613 17114     8472.4438     5202.5503   632470   38.59%
   7029  5869     5225.2984 17066     8472.4438     5202.5503   633449   38.59%
   7037  5877     5279.6855 16192     8472.4438     5202.5503   636378   38.59%
   7254  6094     5236.8266 16844     8472.4438     5202.5503   640149   38.59%
   7286  6126     5225.3839 16814     8472.4438     5202.5503   640827   38.59%
Elapsed time = 5851.66 sec. (2300428.30 ticks, tree = 8831.30 MB, solutions = 4)
Nodefile size = 6438.59 MB (4099.69 MB after compression)
   7330  6170     5225.4532 16904     8472.4438     5202.5503   641375   38.59%
   7346  6186     5225.6946 17417     8472.4438     5202.5503   642874   38.59%
   7737  6577     5225.6141 16853     8472.4438     5202.5503   648666   38.59%
   7761  6601     5225.6725 16839     8472.4438     5202.5503   648957   38.59%
   8172  7012     5225.8142 16792     8472.4438     5202.5503   656409   38.59%
   8200  7040     5225.8971 16722     8472.4438     5202.5503   656974   38.59%
   8252  7092     5226.2770 16688     8472.4438     5202.5503   657345   38.59%
   8320  7160     5226.4846 16638     8472.4438     5202.5503   658004   38.59%
   8364  7204     5226.5041 16599     8472.4438     5202.5503   658621   38.59%
   8713  7553     5226.8799 16573     8472.4438     5202.5503   662547   38.59%
Elapsed time = 6103.05 sec. (2389801.37 ticks, tree = 8733.68 MB, solutions = 4)
Nodefile size = 6438.59 MB (4099.69 MB after compression)
   8741  7581     5226.8229 16579     8472.4438     5202.5503   662700   38.59%
   9314  8154     5226.8808 16579     8472.4438     5202.5503   669835   38.59%
   9358  8198     5226.9682 16537     8472.4438     5202.5503   670679   38.59%
   9394  8234     5227.0378 16546     8472.4438     5202.5503   671128   38.59%
   9482  8322     5227.3414 16507     8472.4438     5202.5503   671733   38.59%
   9566  8406     5227.7904 16485     8472.4438     5202.5503   672464   38.59%
   9650  8490     5227.8999 16498     8472.4438     5202.5503   673069   38.59%
   9943  8783     5228.0430 16401     8472.4438     5202.5503   676022   38.59%
  10003  8843     5228.0837 16410     8472.4438     5202.5503   676977   38.59%
  10031  8871     5228.1458 16394     8472.4438     5202.5503   677871   38.59%
Elapsed time = 6383.36 sec. (2489168.90 ticks, tree = 8644.07 MB, solutions = 4)
Nodefile size = 6438.59 MB (4099.69 MB after compression)
  10075  8915     5228.4226 16375     8472.4438     5202.5503   678591   38.59%
  10087  8927     5228.5704 16369     8472.4438     5202.5503   679623   38.59%
  10139  8979     5229.0584 16343     8472.4438     5202.5503   680363   38.59%
  10571  9411     5257.1186 14557     8472.4438     5202.5503   685424   38.59%
  10613  9453     5229.1715 16323     8472.4438     5202.5503   685954   38.59%
